This file contains any messages produced by compilers while
running configure, to aid debugging if configure makes a mistake.

It was created by RNAforester configure 1.5, which was
generated by GNU Autoconf 2.63.  Invocation command line was

  $ ./configure --disable-option-checking --prefix=/usr/local --cache-file=/dev/null --srcdir=.

## --------- ##
## Platform. ##
## --------- ##

hostname = SUNCHAO-PC
uname -m = i586
uname -r = 1.3.10(0.51/3/2)
uname -s = CYGWIN_??-6.1
uname -v = 2002-02-25 11:14

/usr/bin/uname -p = unknown
/bin/uname -X     = unknown

/bin/arch              = unknown
/usr/bin/arch -k       = unknown
/usr/convex/getsysinfo = unknown
/usr/bin/hostinfo      = unknown
/bin/machine           = unknown
/usr/bin/oslevel       = unknown
/bin/universe          = unknown

PATH: /usr/local/bin
PATH: /usr/bin
PATH: /bin
PATH: /cygdrive/c/Perl/site/bin
PATH: /cygdrive/c/Perl/bin
PATH: /cygdrive/c/Program Files/NVIDIA Corporation/PhysX/Common
PATH: /cygdrive/c/Program Files/Intel/iCLS Client/
PATH: /cygdrive/c/Windows/system32
PATH: /cygdrive/c/Windows
PATH: /cygdrive/c/Windows/System32/Wbem
PATH: /cygdrive/c/Windows/System32/WindowsPowerShell/v1.0/
PATH: /cygdrive/c/Program Files/Intel/Intel(R) Management Engine Components/DAL
PATH: /cygdrive/c/Program Files/Intel/Intel(R) Management Engine Components/IPT
PATH: /cygdrive/c/Program Files/Intel/OpenCL SDK/3.0/bin/x86
PATH: /cygdrive/c/Program Files/Microsoft SQL Server/90/Tools/binn/
PATH: /cygdrive/c/Program Files/Microsoft SQL Server/80/Tools/Binn/
PATH: /cygdrive/c/Program Files/Microsoft SQL Server/90/DTS/Binn/
PATH: /cygdrive/c/Program Files/Microsoft SQL Server/90/Tools/Binn/VSShell/Common7/IDE/
PATH: /cygdrive/c/Program Files/Microsoft Visual Studio 8/Common7/IDE/PrivateAssemblies/
PATH: /cygdrive/c/Program Files/Java/jdk1.7.0_40/bin
PATH: /cygdrive/c/Program Files/Java/jdk1.7.0_40/jre/bin
PATH: .
PATH: .
PATH: .
PATH: .
PATH: .
PATH: .
PATH: .


## ----------- ##
## Core tests. ##
## ----------- ##

configure:1895: checking for a BSD-compatible install
configure:1963: result: ./install-sh -c
configure:1974: checking whether build environment is sane
configure:2034: result: yes
configure:2175: checking for a thread-safe mkdir -p
configure:2214: result: /usr/bin/mkdir -p
configure:2227: checking for gawk
configure:2243: found /usr/bin/gawk
configure:2254: result: gawk
configure:2265: checking whether make sets $(MAKE)
configure:2287: result: yes
configure:2431: checking for g++
configure:2447: found /usr/bin/g++
configure:2458: result: g++
configure:2485: checking for C++ compiler version
configure:2493: g++ --version >&5
2.95.3-5
configure:2497: $? = 0
configure:2504: g++ -v >&5
Reading specs from /usr/lib/gcc-lib/i686-pc-cygwin/2.95.3-5/specs
gcc version 2.95.3-5 (cygwin special)
configure:2508: $? = 0
configure:2515: g++ -V >&5
g++: argument to `-V' missing

configure:2519: $? = 1
configure:2542: checking for C++ compiler default output file name
configure:2564: g++    conftest.cpp  >&5
configure:2568: $? = 0
configure:2606: result: a.exe
configure:2625: checking whether the C++ compiler works
configure:2635: ./a.exe
configure:2639: $? = 0
configure:2658: result: yes
configure:2665: checking whether we are cross compiling
configure:2667: result: no
configure:2670: checking for suffix of executables
configure:2677: g++ -o conftest.exe    conftest.cpp  >&5
configure:2681: $? = 0
configure:2707: result: .exe
configure:2713: checking for suffix of object files
configure:2739: g++ -c   conftest.cpp >&5
configure:2743: $? = 0
configure:2768: result: o
configure:2772: checking whether we are using the GNU C++ compiler
configure:2801: g++ -c   conftest.cpp >&5
configure:2808: $? = 0
configure:2825: result: yes
configure:2834: checking whether g++ accepts -g
configure:2864: g++ -c -g  conftest.cpp >&5
configure:2871: $? = 0
configure:2972: result: yes
configure:3006: checking for style of include used by make
configure:3034: result: GNU
configure:3059: checking dependency style of g++
configure:3169: result: gcc
configure:3232: checking for gcc
configure:3248: found /usr/bin/gcc
configure:3259: result: gcc
configure:3491: checking for C compiler version
configure:3499: gcc --version >&5
2.95.3-5
configure:3503: $? = 0
configure:3510: gcc -v >&5
Reading specs from /usr/lib/gcc-lib/i686-pc-cygwin/2.95.3-5/specs
gcc version 2.95.3-5 (cygwin special)
configure:3514: $? = 0
configure:3521: gcc -V >&5
gcc: argument to `-V' is missing
configure:3525: $? = 1
configure:3528: checking whether we are using the GNU C compiler
configure:3557: gcc -c   conftest.c >&5
configure:3564: $? = 0
configure:3581: result: yes
configure:3590: checking whether gcc accepts -g
configure:3620: gcc -c -g  conftest.c >&5
configure:3627: $? = 0
configure:3728: result: yes
configure:3745: checking for gcc option to accept ISO C89
configure:3819: gcc  -c -g -O2  conftest.c >&5
configure:3826: $? = 0
configure:3849: result: none needed
configure:3869: checking dependency style of gcc
configure:3979: result: gcc
configure:4019: result: using (to be built) libRNA.a in ../lib
configure:4199: checking for main in -lgd
configure:4228: g++ -o conftest.exe -g -O2 -Ig2-0.70/src/  -L../../lib  conftest.cpp -lgd  -lRNA  >&5
/usr/lib/gcc-lib/i686-pc-cygwin/2.95.3-5/../../../../i686-pc-cygwin/bin/ld: cannot find -lgd
collect2: ld returned 1 exit status
configure:4235: $? = 1
configure: failed program was:
| /* confdefs.h.  */
| #define PACKAGE_NAME "RNAforester"
| #define PACKAGE_TARNAME "RNAforester"
| #define PACKAGE_VERSION "1.5"
| #define PACKAGE_STRING "RNAforester 1.5"
| #define PACKAGE_BUGREPORT "mhoechsm@techfak.uni-bielefeld.de"
| #define PACKAGE "RNAforester"
| #define VERSION "1.5"
| #define HAVE_LIBRNA 1
| /* end confdefs.h.  */
| 
| 
| int
| main ()
| {
| return main ();
|   ;
|   return 0;
| }
configure:4256: result: no
configure:4273: checking how to run the C++ preprocessor
configure:4309: g++ -E -Ig2-0.70/src/  conftest.cpp
configure:4316: $? = 0
configure:4347: g++ -E -Ig2-0.70/src/  conftest.cpp
conftest.cpp:11: ac_nonexistent.h: No such file or directory
configure:4354: $? = 1
configure: failed program was:
| /* confdefs.h.  */
| #define PACKAGE_NAME "RNAforester"
| #define PACKAGE_TARNAME "RNAforester"
| #define PACKAGE_VERSION "1.5"
| #define PACKAGE_STRING "RNAforester 1.5"
| #define PACKAGE_BUGREPORT "mhoechsm@techfak.uni-bielefeld.de"
| #define PACKAGE "RNAforester"
| #define VERSION "1.5"
| #define HAVE_LIBRNA 1
| /* end confdefs.h.  */
| #include <ac_nonexistent.h>
configure:4387: result: g++ -E
configure:4416: g++ -E -Ig2-0.70/src/  conftest.cpp
configure:4423: $? = 0
configure:4454: g++ -E -Ig2-0.70/src/  conftest.cpp
conftest.cpp:11: ac_nonexistent.h: No such file or directory
configure:4461: $? = 1
configure: failed program was:
| /* confdefs.h.  */
| #define PACKAGE_NAME "RNAforester"
| #define PACKAGE_TARNAME "RNAforester"
| #define PACKAGE_VERSION "1.5"
| #define PACKAGE_STRING "RNAforester 1.5"
| #define PACKAGE_BUGREPORT "mhoechsm@techfak.uni-bielefeld.de"
| #define PACKAGE "RNAforester"
| #define VERSION "1.5"
| #define HAVE_LIBRNA 1
| /* end confdefs.h.  */
| #include <ac_nonexistent.h>
configure:4501: checking for grep that handles long lines and -e
configure:4561: result: /usr/bin/grep
configure:4566: checking for egrep
configure:4630: result: /usr/bin/grep -E
configure:4635: checking for ANSI C header files
configure:4665: g++ -c -g -O2 -Ig2-0.70/src/  conftest.cpp >&5
configure:4672: $? = 0
configure:4768: g++ -o conftest.exe -g -O2 -Ig2-0.70/src/  -L../../lib  conftest.cpp -lRNA  >&5
/usr/lib/gcc-lib/i686-pc-cygwin/2.95.3-5/../../../../i686-pc-cygwin/bin/ld: cannot find -lRNA
collect2: ld returned 1 exit status
configure:4772: $? = 1
configure: program exited with status 1
configure: failed program was:
| /* confdefs.h.  */
| #define PACKAGE_NAME "RNAforester"
| #define PACKAGE_TARNAME "RNAforester"
| #define PACKAGE_VERSION "1.5"
| #define PACKAGE_STRING "RNAforester 1.5"
| #define PACKAGE_BUGREPORT "mhoechsm@techfak.uni-bielefeld.de"
| #define PACKAGE "RNAforester"
| #define VERSION "1.5"
| #define HAVE_LIBRNA 1
| /* end confdefs.h.  */
| #include <ctype.h>
| #include <stdlib.h>
| #if ((' ' & 0x0FF) == 0x020)
| # define ISLOWER(c) ('a' <= (c) && (c) <= 'z')
| # define TOUPPER(c) (ISLOWER(c) ? 'A' + ((c) - 'a') : (c))
| #else
| # define ISLOWER(c) 		   (('a' <= (c) && (c) <= 'i') 		     || ('j' <= (c) && (c) <= 'r') 		     || ('s' <= (c) && (c) <= 'z'))
| # define TOUPPER(c) (ISLOWER(c) ? ((c) | 0x40) : (c))
| #endif
| 
| #define XOR(e, f) (((e) && !(f)) || (!(e) && (f)))
| int
| main ()
| {
|   int i;
|   for (i = 0; i < 256; i++)
|     if (XOR (islower (i), ISLOWER (i))
| 	|| toupper (i) != TOUPPER (i))
|       return 2;
|   return 0;
| }
configure:4800: result: no
configure:4824: checking for sys/types.h
configure:4845: g++ -c -g -O2 -Ig2-0.70/src/  conftest.cpp >&5
configure:4852: $? = 0
configure:4869: result: yes
configure:4824: checking for sys/stat.h
configure:4845: g++ -c -g -O2 -Ig2-0.70/src/  conftest.cpp >&5
configure:4852: $? = 0
configure:4869: result: yes
configure:4824: checking for stdlib.h
configure:4845: g++ -c -g -O2 -Ig2-0.70/src/  conftest.cpp >&5
configure:4852: $? = 0
configure:4869: result: yes
configure:4824: checking for string.h
configure:4845: g++ -c -g -O2 -Ig2-0.70/src/  conftest.cpp >&5
configure:4852: $? = 0
configure:4869: result: yes
configure:4824: checking for memory.h
configure:4845: g++ -c -g -O2 -Ig2-0.70/src/  conftest.cpp >&5
configure:4852: $? = 0
configure:4869: result: yes
configure:4824: checking for strings.h
configure:4845: g++ -c -g -O2 -Ig2-0.70/src/  conftest.cpp >&5
configure:4852: $? = 0
configure:4869: result: yes
configure:4824: checking for inttypes.h
configure:4845: g++ -c -g -O2 -Ig2-0.70/src/  conftest.cpp >&5
conftest.cpp:51: inttypes.h: No such file or directory
configure:4852: $? = 1
configure: failed program was:
| /* confdefs.h.  */
| #define PACKAGE_NAME "RNAforester"
| #define PACKAGE_TARNAME "RNAforester"
| #define PACKAGE_VERSION "1.5"
| #define PACKAGE_STRING "RNAforester 1.5"
| #define PACKAGE_BUGREPORT "mhoechsm@techfak.uni-bielefeld.de"
| #define PACKAGE "RNAforester"
| #define VERSION "1.5"
| #define HAVE_LIBRNA 1
| #define HAVE_SYS_TYPES_H 1
| #define HAVE_SYS_STAT_H 1
| #define HAVE_STDLIB_H 1
| #define HAVE_STRING_H 1
| #define HAVE_MEMORY_H 1
| #define HAVE_STRINGS_H 1
| /* end confdefs.h.  */
| #include <stdio.h>
| #ifdef HAVE_SYS_TYPES_H
| # include <sys/types.h>
| #endif
| #ifdef HAVE_SYS_STAT_H
| # include <sys/stat.h>
| #endif
| #ifdef STDC_HEADERS
| # include <stdlib.h>
| # include <stddef.h>
| #else
| # ifdef HAVE_STDLIB_H
| #  include <stdlib.h>
| # endif
| #endif
| #ifdef HAVE_STRING_H
| # if !defined STDC_HEADERS && defined HAVE_MEMORY_H
| #  include <memory.h>
| # endif
| # include <string.h>
| #endif
| #ifdef HAVE_STRINGS_H
| # include <strings.h>
| #endif
| #ifdef HAVE_INTTYPES_H
| # include <inttypes.h>
| #endif
| #ifdef HAVE_STDINT_H
| # include <stdint.h>
| #endif
| #ifdef HAVE_UNISTD_H
| # include <unistd.h>
| #endif
| 
| #include <inttypes.h>
configure:4869: result: no
configure:4824: checking for stdint.h
configure:4845: g++ -c -g -O2 -Ig2-0.70/src/  conftest.cpp >&5
conftest.cpp:51: stdint.h: No such file or directory
configure:4852: $? = 1
configure: failed program was:
| /* confdefs.h.  */
| #define PACKAGE_NAME "RNAforester"
| #define PACKAGE_TARNAME "RNAforester"
| #define PACKAGE_VERSION "1.5"
| #define PACKAGE_STRING "RNAforester 1.5"
| #define PACKAGE_BUGREPORT "mhoechsm@techfak.uni-bielefeld.de"
| #define PACKAGE "RNAforester"
| #define VERSION "1.5"
| #define HAVE_LIBRNA 1
| #define HAVE_SYS_TYPES_H 1
| #define HAVE_SYS_STAT_H 1
| #define HAVE_STDLIB_H 1
| #define HAVE_STRING_H 1
| #define HAVE_MEMORY_H 1
| #define HAVE_STRINGS_H 1
| /* end confdefs.h.  */
| #include <stdio.h>
| #ifdef HAVE_SYS_TYPES_H
| # include <sys/types.h>
| #endif
| #ifdef HAVE_SYS_STAT_H
| # include <sys/stat.h>
| #endif
| #ifdef STDC_HEADERS
| # include <stdlib.h>
| # include <stddef.h>
| #else
| # ifdef HAVE_STDLIB_H
| #  include <stdlib.h>
| # endif
| #endif
| #ifdef HAVE_STRING_H
| # if !defined STDC_HEADERS && defined HAVE_MEMORY_H
| #  include <memory.h>
| # endif
| # include <string.h>
| #endif
| #ifdef HAVE_STRINGS_H
| # include <strings.h>
| #endif
| #ifdef HAVE_INTTYPES_H
| # include <inttypes.h>
| #endif
| #ifdef HAVE_STDINT_H
| # include <stdint.h>
| #endif
| #ifdef HAVE_UNISTD_H
| # include <unistd.h>
| #endif
| 
| #include <stdint.h>
configure:4869: result: no
configure:4824: checking for unistd.h
configure:4845: g++ -c -g -O2 -Ig2-0.70/src/  conftest.cpp >&5
configure:4852: $? = 0
configure:4869: result: yes
configure:4893: checking g2.h usability
configure:4910: g++ -c -g -O2 -Ig2-0.70/src/  conftest.cpp >&5
configure:4917: $? = 0
configure:4931: result: yes
configure:4935: checking g2.h presence
configure:4950: g++ -E -Ig2-0.70/src/  conftest.cpp
configure:4957: $? = 0
configure:4971: result: yes
configure:5004: checking for g2.h
configure:5011: result: yes
configure:5028: checking for an ANSI C-conforming const
configure:5103: g++ -c -g -O2 -Ig2-0.70/src/  conftest.cpp >&5
configure:5110: $? = 0
configure:5125: result: yes
configure:5135: checking for inline
configure:5161: g++ -c -g -O2 -Ig2-0.70/src/  conftest.cpp >&5
configure:5168: $? = 0
configure:5186: result: inline
configure:5205: checking for size_t
configure:5233: g++ -c -g -O2 -Ig2-0.70/src/  conftest.cpp >&5
configure:5240: $? = 0
configure:5267: g++ -c -g -O2 -Ig2-0.70/src/  conftest.cpp >&5
conftest.cpp: In function `int main()':
conftest.cpp:55: parse error before `)'
configure:5274: $? = 1
configure: failed program was:
| /* confdefs.h.  */
| #define PACKAGE_NAME "RNAforester"
| #define PACKAGE_TARNAME "RNAforester"
| #define PACKAGE_VERSION "1.5"
| #define PACKAGE_STRING "RNAforester 1.5"
| #define PACKAGE_BUGREPORT "mhoechsm@techfak.uni-bielefeld.de"
| #define PACKAGE "RNAforester"
| #define VERSION "1.5"
| #define HAVE_LIBRNA 1
| #define HAVE_SYS_TYPES_H 1
| #define HAVE_SYS_STAT_H 1
| #define HAVE_STDLIB_H 1
| #define HAVE_STRING_H 1
| #define HAVE_MEMORY_H 1
| #define HAVE_STRINGS_H 1
| #define HAVE_UNISTD_H 1
| #define HAVE_LIBG2 1
| /* end confdefs.h.  */
| #include <stdio.h>
| #ifdef HAVE_SYS_TYPES_H
| # include <sys/types.h>
| #endif
| #ifdef HAVE_SYS_STAT_H
| # include <sys/stat.h>
| #endif
| #ifdef STDC_HEADERS
| # include <stdlib.h>
| # include <stddef.h>
| #else
| # ifdef HAVE_STDLIB_H
| #  include <stdlib.h>
| # endif
| #endif
| #ifdef HAVE_STRING_H
| # if !defined STDC_HEADERS && defined HAVE_MEMORY_H
| #  include <memory.h>
| # endif
| # include <string.h>
| #endif
| #ifdef HAVE_STRINGS_H
| # include <strings.h>
| #endif
| #ifdef HAVE_INTTYPES_H
| # include <inttypes.h>
| #endif
| #ifdef HAVE_STDINT_H
| # include <stdint.h>
| #endif
| #ifdef HAVE_UNISTD_H
| # include <unistd.h>
| #endif
| int
| main ()
| {
| if (sizeof ((size_t)))
| 	  return 0;
|   ;
|   return 0;
| }
configure:5297: result: yes
configure:5460: creating ./config.status

## ---------------------- ##
## Running config.status. ##
## ---------------------- ##

This file was extended by RNAforester config.status 1.5, which was
generated by GNU Autoconf 2.63.  Invocation command line was

  CONFIG_FILES    = 
  CONFIG_HEADERS  = 
  CONFIG_LINKS    = 
  CONFIG_COMMANDS = 
  $ ./config.status 

on SUNCHAO-PC

config.status:779: creating Makefile
config.status:779: creating src/Makefile
config.status:779: creating man/Makefile
config.status:779: creating config.h
config.status:1001: config.h is unchanged
config.status:1053: executing depfiles commands
configure:6864: === configuring in g2-0.70 (/cygdrive/e/microPred/progs/miPred/ViennaRNA-1.6.4/RNAforester/g2-0.70)
configure:6967: running /bin/bash ./configure --disable-option-checking '--prefix=/usr/local'  --cache-file=/dev/null --srcdir=.

## ---------------- ##
## Cache variables. ##
## ---------------- ##

ac_cv_c_compiler_gnu=yes
ac_cv_c_const=yes
ac_cv_c_inline=inline
ac_cv_cxx_compiler_gnu=yes
ac_cv_env_CCC_set=
ac_cv_env_CCC_value=
ac_cv_env_CC_set=
ac_cv_env_CC_value=
ac_cv_env_CFLAGS_set=
ac_cv_env_CFLAGS_value=
ac_cv_env_CPPFLAGS_set=
ac_cv_env_CPPFLAGS_value=
ac_cv_env_CXXCPP_set=
ac_cv_env_CXXCPP_value=
ac_cv_env_CXXFLAGS_set=
ac_cv_env_CXXFLAGS_value=
ac_cv_env_CXX_set=
ac_cv_env_CXX_value=
ac_cv_env_LDFLAGS_set=
ac_cv_env_LDFLAGS_value=
ac_cv_env_LIBS_set=
ac_cv_env_LIBS_value=
ac_cv_env_build_alias_set=
ac_cv_env_build_alias_value=
ac_cv_env_host_alias_set=
ac_cv_env_host_alias_value=
ac_cv_env_target_alias_set=
ac_cv_env_target_alias_value=
ac_cv_exeext=.exe
ac_cv_header_g2_h=yes
ac_cv_header_inttypes_h=no
ac_cv_header_memory_h=yes
ac_cv_header_stdc=no
ac_cv_header_stdint_h=no
ac_cv_header_stdlib_h=yes
ac_cv_header_string_h=yes
ac_cv_header_strings_h=yes
ac_cv_header_sys_stat_h=yes
ac_cv_header_sys_types_h=yes
ac_cv_header_unistd_h=yes
ac_cv_lib_gd_main=no
ac_cv_objext=o
ac_cv_path_EGREP='/usr/bin/grep -E'
ac_cv_path_GREP=/usr/bin/grep
ac_cv_path_mkdir=/usr/bin/mkdir
ac_cv_prog_AWK=gawk
ac_cv_prog_CXXCPP='g++ -E'
ac_cv_prog_ac_ct_CC=gcc
ac_cv_prog_ac_ct_CXX=g++
ac_cv_prog_cc_c89=
ac_cv_prog_cc_g=yes
ac_cv_prog_cxx_g=yes
ac_cv_prog_make_make_set=yes
ac_cv_type_size_t=yes
am_cv_CC_dependencies_compiler_type=gcc
am_cv_CXX_dependencies_compiler_type=gcc

## ----------------- ##
## Output variables. ##
## ----------------- ##

ACLOCAL='${SHELL} /cygdrive/e/microPred/progs/miPred/ViennaRNA-1.6.4/RNAforester/missing --run aclocal-1.11'
AMDEPBACKSLASH='\'
AMDEP_FALSE='#'
AMDEP_TRUE=''
AMTAR='${SHELL} /cygdrive/e/microPred/progs/miPred/ViennaRNA-1.6.4/RNAforester/missing --run tar'
AUTOCONF='${SHELL} /cygdrive/e/microPred/progs/miPred/ViennaRNA-1.6.4/RNAforester/missing --run autoconf'
AUTOHEADER='${SHELL} /cygdrive/e/microPred/progs/miPred/ViennaRNA-1.6.4/RNAforester/missing --run autoheader'
AUTOMAKE='${SHELL} /cygdrive/e/microPred/progs/miPred/ViennaRNA-1.6.4/RNAforester/missing --run automake-1.11'
AWK='gawk'
CC='gcc'
CCDEPMODE='depmode=gcc'
CFLAGS='-g -O2'
CPPFLAGS=' -I../g2-0.70/include/ '
CXX='g++'
CXXCPP='g++ -E'
CXXDEPMODE='depmode=gcc'
CXXFLAGS='-g -O2'
CYGPATH_W='cygpath -w'
DEFS='-DHAVE_CONFIG_H'
DEPDIR='.deps'
ECHO_C=''
ECHO_N='-n'
ECHO_T=''
EGREP='/usr/bin/grep -E'
EXEEXT='.exe'
GREP='/usr/bin/grep'
INSTALL_DATA='${INSTALL} -m 644'
INSTALL_PROGRAM='${INSTALL}'
INSTALL_SCRIPT='${INSTALL}'
INSTALL_STRIP_PROGRAM='$(install_sh) -c -s'
LDFLAGS='-L../g2-0.70 -L../../lib '
LIBOBJS=''
LIBS='-lg2 -lRNA '
LTLIBOBJS=''
MAKEINFO='${SHELL} /cygdrive/e/microPred/progs/miPred/ViennaRNA-1.6.4/RNAforester/missing --run makeinfo'
MKDIR_P='/usr/bin/mkdir -p'
OBJEXT='o'
PACKAGE='RNAforester'
PACKAGE_BUGREPORT='mhoechsm@techfak.uni-bielefeld.de'
PACKAGE_NAME='RNAforester'
PACKAGE_STRING='RNAforester 1.5'
PACKAGE_TARNAME='RNAforester'
PACKAGE_VERSION='1.5'
PATH_SEPARATOR=':'
SET_MAKE=''
SHELL='/bin/bash'
STRIP=''
VERSION='1.5'
ac_ct_CC='gcc'
ac_ct_CXX='g++'
am__EXEEXT_FALSE='#'
am__EXEEXT_TRUE=''
am__fastdepCC_FALSE=''
am__fastdepCC_TRUE='#'
am__fastdepCXX_FALSE=''
am__fastdepCXX_TRUE='#'
am__include='include'
am__isrc=''
am__leading_dot='.'
am__quote=''
am__tar='${AMTAR} chof - "$$tardir"'
am__untar='${AMTAR} xf -'
bindir='${exec_prefix}/bin'
build_alias=''
datadir='${datarootdir}'
datarootdir='${prefix}/share'
docdir='${datarootdir}/doc/${PACKAGE_TARNAME}'
dvidir='${docdir}'
exec_prefix='${prefix}'
host_alias=''
htmldir='${docdir}'
includedir='${prefix}/include'
infodir='${datarootdir}/info'
install_sh='${SHELL} /cygdrive/e/microPred/progs/miPred/ViennaRNA-1.6.4/RNAforester/install-sh'
libdir='${exec_prefix}/lib'
libexecdir='${exec_prefix}/libexec'
localedir='${datarootdir}/locale'
localstatedir='${prefix}/var'
mandir='${datarootdir}/man'
mkdir_p='/usr/bin/mkdir -p'
oldincludedir='/usr/include'
pdfdir='${docdir}'
prefix='/usr/local'
program_transform_name='s,x,x,'
psdir='${docdir}'
sbindir='${exec_prefix}/sbin'
sharedstatedir='${prefix}/com'
subdirs=' g2-0.70'
sysconfdir='${prefix}/etc'
target_alias=''

## ----------- ##
## confdefs.h. ##
## ----------- ##

#define PACKAGE_NAME "RNAforester"
#define PACKAGE_TARNAME "RNAforester"
#define PACKAGE_VERSION "1.5"
#define PACKAGE_STRING "RNAforester 1.5"
#define PACKAGE_BUGREPORT "mhoechsm@techfak.uni-bielefeld.de"
#define PACKAGE "RNAforester"
#define VERSION "1.5"
#define HAVE_LIBRNA 1
#define HAVE_SYS_TYPES_H 1
#define HAVE_SYS_STAT_H 1
#define HAVE_STDLIB_H 1
#define HAVE_STRING_H 1
#define HAVE_MEMORY_H 1
#define HAVE_STRINGS_H 1
#define HAVE_UNISTD_H 1
#define HAVE_LIBG2 1

configure: exit 0
