This file contains any messages produced by compilers while
running configure, to aid debugging if configure makes a mistake.

It was created by ViennaRNA configure 1.8.5, which was
generated by GNU Autoconf 2.63.  Invocation command line was

  $ ./configure 

## --------- ##
## Platform. ##
## --------- ##

hostname = SUNCHAO-PC
uname -m = i586
uname -r = 1.3.10(0.51/3/2)
uname -s = CYGWIN_??-6.1
uname -v = 2002-02-25 11:14

/usr/bin/uname -p = unknown
/bin/uname -X     = unknown

/bin/arch              = unknown
/usr/bin/arch -k       = unknown
/usr/convex/getsysinfo = unknown
/usr/bin/hostinfo      = unknown
/bin/machine           = unknown
/usr/bin/oslevel       = unknown
/bin/universe          = unknown

PATH: /usr/local/bin
PATH: /usr/bin
PATH: /bin
PATH: /cygdrive/c/Perl/site/bin
PATH: /cygdrive/c/Perl/bin
PATH: /cygdrive/c/Program Files/NVIDIA Corporation/PhysX/Common
PATH: /cygdrive/c/Program Files/Intel/iCLS Client/
PATH: /cygdrive/c/Windows/system32
PATH: /cygdrive/c/Windows
PATH: /cygdrive/c/Windows/System32/Wbem
PATH: /cygdrive/c/Windows/System32/WindowsPowerShell/v1.0/
PATH: /cygdrive/c/Program Files/Intel/Intel(R) Management Engine Components/DAL
PATH: /cygdrive/c/Program Files/Intel/Intel(R) Management Engine Components/IPT
PATH: /cygdrive/c/Program Files/Intel/OpenCL SDK/3.0/bin/x86
PATH: /cygdrive/c/Program Files/Microsoft SQL Server/90/Tools/binn/
PATH: /cygdrive/c/Program Files/Microsoft SQL Server/80/Tools/Binn/
PATH: /cygdrive/c/Program Files/Microsoft SQL Server/90/DTS/Binn/
PATH: /cygdrive/c/Program Files/Microsoft SQL Server/90/Tools/Binn/VSShell/Common7/IDE/
PATH: /cygdrive/c/Program Files/Microsoft Visual Studio 8/Common7/IDE/PrivateAssemblies/
PATH: /cygdrive/c/Program Files/Java/jdk1.7.0_40/bin
PATH: /cygdrive/c/Program Files/Java/jdk1.7.0_40/jre/bin
PATH: .
PATH: .
PATH: .
PATH: .
PATH: .
PATH: .
PATH: .


## ----------- ##
## Core tests. ##
## ----------- ##

configure:1922: checking for a BSD-compatible install
configure:1990: result: ./install-sh -c
configure:2001: checking whether build environment is sane
configure:2061: result: yes
configure:2202: checking for a thread-safe mkdir -p
configure:2241: result: /usr/bin/mkdir -p
configure:2254: checking for gawk
configure:2270: found /usr/bin/gawk
configure:2281: result: gawk
configure:2292: checking whether make sets $(MAKE)
configure:2314: result: yes
configure:2397: checking if malloc debugging is wanted
configure:2417: result: no
configure:2468: checking build system type
configure:2486: result: i586-pc-cygwin
configure:2508: checking host system type
configure:2523: result: i586-pc-cygwin
configure:2594: checking for gcc
configure:2610: found /usr/bin/gcc
configure:2621: result: gcc
configure:2853: checking for C compiler version
configure:2861: gcc --version >&5
2.95.3-5
configure:2865: $? = 0
configure:2872: gcc -v >&5
Reading specs from /usr/lib/gcc-lib/i686-pc-cygwin/2.95.3-5/specs
gcc version 2.95.3-5 (cygwin special)
configure:2876: $? = 0
configure:2883: gcc -V >&5
gcc: argument to `-V' is missing
configure:2887: $? = 1
configure:2910: checking for C compiler default output file name
configure:2932: gcc    conftest.c  >&5
configure:2936: $? = 0
configure:2974: result: a.exe
configure:2993: checking whether the C compiler works
configure:3003: ./a.exe
configure:3007: $? = 0
configure:3026: result: yes
configure:3033: checking whether we are cross compiling
configure:3035: result: no
configure:3038: checking for suffix of executables
configure:3045: gcc -o conftest.exe    conftest.c  >&5
configure:3049: $? = 0
configure:3075: result: .exe
configure:3081: checking for suffix of object files
configure:3107: gcc -c   conftest.c >&5
configure:3111: $? = 0
configure:3136: result: o
configure:3140: checking whether we are using the GNU C compiler
configure:3169: gcc -c   conftest.c >&5
configure:3176: $? = 0
configure:3193: result: yes
configure:3202: checking whether gcc accepts -g
configure:3232: gcc -c -g  conftest.c >&5
configure:3239: $? = 0
configure:3340: result: yes
configure:3357: checking for gcc option to accept ISO C89
configure:3431: gcc  -c -g -O2  conftest.c >&5
configure:3438: $? = 0
configure:3461: result: none needed
configure:3490: checking for style of include used by make
configure:3518: result: GNU
configure:3543: checking dependency style of gcc
configure:3653: result: gcc
configure:3671: checking whether gcc accepts -fpic
configure:3697: gcc -c -fpic  conftest.c >&5
cc1.exe: warning: -fpic ignored for target (all code is position independent)
configure:3704: $? = 0
configure:3719: result: yes
configure:3754: checking for a BSD-compatible install
configure:3822: result: ./install-sh -c
configure:3876: checking for ranlib
configure:3892: found /usr/bin/ranlib
configure:3903: result: ranlib
configure:3926: checking whether gcc and cc understand -c and -o together
configure:3961: gcc -c conftest.c -o conftest2.o >&5
configure:3965: $? = 0
configure:3971: gcc -c conftest.c -o conftest2.o >&5
configure:3975: $? = 0
configure:3986: cc -c conftest.c >&5
./configure: cc: command not found
configure:3990: $? = 127
configure:4030: result: yes
configure:4060: checking for perl
configure:4078: found /usr/bin/perl
configure:4090: result: /usr/bin/perl
configure:4184: checking how to run the C preprocessor
configure:4224: gcc -E  conftest.c
configure:4231: $? = 0
configure:4262: gcc -E  conftest.c
conftest.c:11: ac_nonexistent.h: No such file or directory
configure:4269: $? = 1
configure: failed program was:
| /* confdefs.h.  */
| #define PACKAGE_NAME "ViennaRNA"
| #define PACKAGE_TARNAME "ViennaRNA"
| #define PACKAGE_VERSION "1.8.5"
| #define PACKAGE_STRING "ViennaRNA 1.8.5"
| #define PACKAGE_BUGREPORT "rna@tbi.univie.ac.at"
| #define PACKAGE "ViennaRNA"
| #define VERSION "1.8.5"
| #define UNUSED __attribute__ ((unused))
| /* end confdefs.h.  */
| #include <ac_nonexistent.h>
configure:4302: result: gcc -E
configure:4331: gcc -E  conftest.c
configure:4338: $? = 0
configure:4369: gcc -E  conftest.c
conftest.c:11: ac_nonexistent.h: No such file or directory
configure:4376: $? = 1
configure: failed program was:
| /* confdefs.h.  */
| #define PACKAGE_NAME "ViennaRNA"
| #define PACKAGE_TARNAME "ViennaRNA"
| #define PACKAGE_VERSION "1.8.5"
| #define PACKAGE_STRING "ViennaRNA 1.8.5"
| #define PACKAGE_BUGREPORT "rna@tbi.univie.ac.at"
| #define PACKAGE "ViennaRNA"
| #define VERSION "1.8.5"
| #define UNUSED __attribute__ ((unused))
| /* end confdefs.h.  */
| #include <ac_nonexistent.h>
configure:4416: checking for grep that handles long lines and -e
configure:4476: result: /usr/bin/grep
configure:4481: checking for egrep
configure:4545: result: /usr/bin/grep -E
configure:4550: checking for ANSI C header files
configure:4580: gcc -c -g -O2  conftest.c >&5
configure:4587: $? = 0
configure:4683: gcc -o conftest.exe -g -O2   conftest.c  >&5
configure:4687: $? = 0
configure:4693: ./conftest.exe
configure:4697: $? = 0
configure:4715: result: yes
configure:4739: checking for sys/types.h
configure:4760: gcc -c -g -O2  conftest.c >&5
configure:4767: $? = 0
configure:4784: result: yes
configure:4739: checking for sys/stat.h
configure:4760: gcc -c -g -O2  conftest.c >&5
configure:4767: $? = 0
configure:4784: result: yes
configure:4739: checking for stdlib.h
configure:4760: gcc -c -g -O2  conftest.c >&5
configure:4767: $? = 0
configure:4784: result: yes
configure:4739: checking for string.h
configure:4760: gcc -c -g -O2  conftest.c >&5
configure:4767: $? = 0
configure:4784: result: yes
configure:4739: checking for memory.h
configure:4760: gcc -c -g -O2  conftest.c >&5
configure:4767: $? = 0
configure:4784: result: yes
configure:4739: checking for strings.h
configure:4760: gcc -c -g -O2  conftest.c >&5
configure:4767: $? = 0
configure:4784: result: yes
configure:4739: checking for inttypes.h
configure:4760: gcc -c -g -O2  conftest.c >&5
conftest.c:52: inttypes.h: No such file or directory
configure:4767: $? = 1
configure: failed program was:
| /* confdefs.h.  */
| #define PACKAGE_NAME "ViennaRNA"
| #define PACKAGE_TARNAME "ViennaRNA"
| #define PACKAGE_VERSION "1.8.5"
| #define PACKAGE_STRING "ViennaRNA 1.8.5"
| #define PACKAGE_BUGREPORT "rna@tbi.univie.ac.at"
| #define PACKAGE "ViennaRNA"
| #define VERSION "1.8.5"
| #define UNUSED __attribute__ ((unused))
| #define STDC_HEADERS 1
| #define HAVE_SYS_TYPES_H 1
| #define HAVE_SYS_STAT_H 1
| #define HAVE_STDLIB_H 1
| #define HAVE_STRING_H 1
| #define HAVE_MEMORY_H 1
| #define HAVE_STRINGS_H 1
| /* end confdefs.h.  */
| #include <stdio.h>
| #ifdef HAVE_SYS_TYPES_H
| # include <sys/types.h>
| #endif
| #ifdef HAVE_SYS_STAT_H
| # include <sys/stat.h>
| #endif
| #ifdef STDC_HEADERS
| # include <stdlib.h>
| # include <stddef.h>
| #else
| # ifdef HAVE_STDLIB_H
| #  include <stdlib.h>
| # endif
| #endif
| #ifdef HAVE_STRING_H
| # if !defined STDC_HEADERS && defined HAVE_MEMORY_H
| #  include <memory.h>
| # endif
| # include <string.h>
| #endif
| #ifdef HAVE_STRINGS_H
| # include <strings.h>
| #endif
| #ifdef HAVE_INTTYPES_H
| # include <inttypes.h>
| #endif
| #ifdef HAVE_STDINT_H
| # include <stdint.h>
| #endif
| #ifdef HAVE_UNISTD_H
| # include <unistd.h>
| #endif
| 
| #include <inttypes.h>
configure:4784: result: no
configure:4739: checking for stdint.h
configure:4760: gcc -c -g -O2  conftest.c >&5
conftest.c:52: stdint.h: No such file or directory
configure:4767: $? = 1
configure: failed program was:
| /* confdefs.h.  */
| #define PACKAGE_NAME "ViennaRNA"
| #define PACKAGE_TARNAME "ViennaRNA"
| #define PACKAGE_VERSION "1.8.5"
| #define PACKAGE_STRING "ViennaRNA 1.8.5"
| #define PACKAGE_BUGREPORT "rna@tbi.univie.ac.at"
| #define PACKAGE "ViennaRNA"
| #define VERSION "1.8.5"
| #define UNUSED __attribute__ ((unused))
| #define STDC_HEADERS 1
| #define HAVE_SYS_TYPES_H 1
| #define HAVE_SYS_STAT_H 1
| #define HAVE_STDLIB_H 1
| #define HAVE_STRING_H 1
| #define HAVE_MEMORY_H 1
| #define HAVE_STRINGS_H 1
| /* end confdefs.h.  */
| #include <stdio.h>
| #ifdef HAVE_SYS_TYPES_H
| # include <sys/types.h>
| #endif
| #ifdef HAVE_SYS_STAT_H
| # include <sys/stat.h>
| #endif
| #ifdef STDC_HEADERS
| # include <stdlib.h>
| # include <stddef.h>
| #else
| # ifdef HAVE_STDLIB_H
| #  include <stdlib.h>
| # endif
| #endif
| #ifdef HAVE_STRING_H
| # if !defined STDC_HEADERS && defined HAVE_MEMORY_H
| #  include <memory.h>
| # endif
| # include <string.h>
| #endif
| #ifdef HAVE_STRINGS_H
| # include <strings.h>
| #endif
| #ifdef HAVE_INTTYPES_H
| # include <inttypes.h>
| #endif
| #ifdef HAVE_STDINT_H
| # include <stdint.h>
| #endif
| #ifdef HAVE_UNISTD_H
| # include <unistd.h>
| #endif
| 
| #include <stdint.h>
configure:4784: result: no
configure:4739: checking for unistd.h
configure:4760: gcc -c -g -O2  conftest.c >&5
configure:4767: $? = 0
configure:4784: result: yes
configure:4816: checking malloc.h usability
configure:4833: gcc -c -g -O2  conftest.c >&5
configure:4840: $? = 0
configure:4854: result: yes
configure:4858: checking malloc.h presence
configure:4873: gcc -E  conftest.c
configure:4880: $? = 0
configure:4894: result: yes
configure:4927: checking for malloc.h
configure:4936: result: yes
configure:4805: checking for strings.h
configure:4812: result: yes
configure:4805: checking for unistd.h
configure:4812: result: yes
configure:4952: checking for an ANSI C-conforming const
configure:5027: gcc -c -g -O2  conftest.c >&5
configure:5034: $? = 0
configure:5049: result: yes
configure:5059: checking for size_t
configure:5087: gcc -c -g -O2  conftest.c >&5
configure:5094: $? = 0
configure:5121: gcc -c -g -O2  conftest.c >&5
conftest.c: In function `main':
conftest.c:58: parse error before `)'
configure:5128: $? = 1
configure: failed program was:
| /* confdefs.h.  */
| #define PACKAGE_NAME "ViennaRNA"
| #define PACKAGE_TARNAME "ViennaRNA"
| #define PACKAGE_VERSION "1.8.5"
| #define PACKAGE_STRING "ViennaRNA 1.8.5"
| #define PACKAGE_BUGREPORT "rna@tbi.univie.ac.at"
| #define PACKAGE "ViennaRNA"
| #define VERSION "1.8.5"
| #define UNUSED __attribute__ ((unused))
| #define STDC_HEADERS 1
| #define HAVE_SYS_TYPES_H 1
| #define HAVE_SYS_STAT_H 1
| #define HAVE_STDLIB_H 1
| #define HAVE_STRING_H 1
| #define HAVE_MEMORY_H 1
| #define HAVE_STRINGS_H 1
| #define HAVE_UNISTD_H 1
| #define HAVE_MALLOC_H 1
| #define HAVE_STRINGS_H 1
| #define HAVE_UNISTD_H 1
| /* end confdefs.h.  */
| #include <stdio.h>
| #ifdef HAVE_SYS_TYPES_H
| # include <sys/types.h>
| #endif
| #ifdef HAVE_SYS_STAT_H
| # include <sys/stat.h>
| #endif
| #ifdef STDC_HEADERS
| # include <stdlib.h>
| # include <stddef.h>
| #else
| # ifdef HAVE_STDLIB_H
| #  include <stdlib.h>
| # endif
| #endif
| #ifdef HAVE_STRING_H
| # if !defined STDC_HEADERS && defined HAVE_MEMORY_H
| #  include <memory.h>
| # endif
| # include <string.h>
| #endif
| #ifdef HAVE_STRINGS_H
| # include <strings.h>
| #endif
| #ifdef HAVE_INTTYPES_H
| # include <inttypes.h>
| #endif
| #ifdef HAVE_STDINT_H
| # include <stdint.h>
| #endif
| #ifdef HAVE_UNISTD_H
| # include <unistd.h>
| #endif
| int
| main ()
| {
| if (sizeof ((size_t)))
| 	  return 0;
|   ;
|   return 0;
| }
configure:5151: result: yes
configure:5163: checking for inline
configure:5189: gcc -c -g -O2  conftest.c >&5
configure:5196: $? = 0
configure:5214: result: inline
configure:5241: checking for strdup
configure:5297: gcc -o conftest.exe -g -O2   conftest.c  >&5
configure:5304: $? = 0
configure:5326: result: yes
configure:5241: checking for strstr
configure:5297: gcc -o conftest.exe -g -O2   conftest.c  >&5
configure:5304: $? = 0
configure:5326: result: yes
configure:5241: checking for strchr
configure:5297: gcc -o conftest.exe -g -O2   conftest.c  >&5
configure:5304: $? = 0
configure:5326: result: yes
configure:5241: checking for erand48
configure:5297: gcc -o conftest.exe -g -O2   conftest.c  >&5
configure:5304: $? = 0
configure:5326: result: yes
configure:5493: creating ./config.status

## ---------------------- ##
## Running config.status. ##
## ---------------------- ##

This file was extended by ViennaRNA config.status 1.8.5, which was
generated by GNU Autoconf 2.63.  Invocation command line was

  CONFIG_FILES    = 
  CONFIG_HEADERS  = 
  CONFIG_LINKS    = 
  CONFIG_COMMANDS = 
  $ ./config.status 

on SUNCHAO-PC

config.status:823: creating Makefile
config.status:823: creating ViennaRNA.spec
config.status:823: creating Utils/Makefile
config.status:823: creating Progs/Makefile
config.status:823: creating lib/Makefile
config.status:823: creating man/Makefile
config.status:823: creating Cluster/Makefile
config.status:823: creating H/Makefile
config.status:823: creating Perl/Makefile
config.status:823: creating man/RNAheat.1
config.status:823: creating man/RNAsubopt.1
config.status:823: creating man/RNAdistance.1
config.status:823: creating man/RNAinverse.1
config.status:823: creating man/RNAeval.1
config.status:823: creating man/RNAfold.1
config.status:823: creating man/RNApdist.1
config.status:823: creating man/RNAplot.1
config.status:823: creating man/RNALfold.1
config.status:823: creating man/RNAalifold.1
config.status:823: creating man/RNAduplex.1
config.status:823: creating man/RNAcofold.1
config.status:823: creating man/RNAplfold.1
config.status:823: creating man/RNAup.1
config.status:823: creating man/RNApaln.1
config.status:823: creating man/RNAaliduplex.1
config.status:823: creating config.h
config.status:1045: config.h is unchanged
config.status:1097: executing depfiles commands
configure:6919: === configuring in RNAforester (/cygdrive/e/microPred/progs/miPred/ViennaRNA-1.6.4/RNAforester)
configure:7022: running /bin/bash ./configure --disable-option-checking '--prefix=/usr/local'  --cache-file=/dev/null --srcdir=.
configure:6919: === configuring in Kinfold (/cygdrive/e/microPred/progs/miPred/ViennaRNA-1.6.4/Kinfold)
configure:7022: running /bin/bash ./configure --disable-option-checking '--prefix=/usr/local'  --cache-file=/dev/null --srcdir=.
configure:7062:
Configure successful with the following options:

  Perl Extension:      yes
  Analyse{Dists,Seqs}: no
  Kinfold:             yes
  RNAforester:         yes

Files will be installed in the following directories:

  Executables:  /usr/local/bin
  Libraries:    /usr/local/lib
  Header files: /usr/local/include
  Extra Data:   ${prefix}/share
  Man pages:    ${prefix}/share/man


## ---------------- ##
## Cache variables. ##
## ---------------- ##

ac_cv_build=i586-pc-cygwin
ac_cv_c_compiler_gnu=yes
ac_cv_c_const=yes
ac_cv_c_inline=inline
ac_cv_env_CC_set=
ac_cv_env_CC_value=
ac_cv_env_CFLAGS_set=
ac_cv_env_CFLAGS_value=
ac_cv_env_CPPFLAGS_set=
ac_cv_env_CPPFLAGS_value=
ac_cv_env_CPP_set=
ac_cv_env_CPP_value=
ac_cv_env_FPIC_set=
ac_cv_env_FPIC_value=
ac_cv_env_LDFLAGS_set=
ac_cv_env_LDFLAGS_value=
ac_cv_env_LIBS_set=
ac_cv_env_LIBS_value=
ac_cv_env_PERLPREFIX_set=
ac_cv_env_PERLPREFIX_value=
ac_cv_env_build_alias_set=
ac_cv_env_build_alias_value=
ac_cv_env_host_alias_set=
ac_cv_env_host_alias_value=
ac_cv_env_target_alias_set=
ac_cv_env_target_alias_value=
ac_cv_exeext=.exe
ac_cv_func_erand48=yes
ac_cv_func_strchr=yes
ac_cv_func_strdup=yes
ac_cv_func_strstr=yes
ac_cv_header_inttypes_h=no
ac_cv_header_malloc_h=yes
ac_cv_header_memory_h=yes
ac_cv_header_stdc=yes
ac_cv_header_stdint_h=no
ac_cv_header_stdlib_h=yes
ac_cv_header_string_h=yes
ac_cv_header_strings_h=yes
ac_cv_header_sys_stat_h=yes
ac_cv_header_sys_types_h=yes
ac_cv_header_unistd_h=yes
ac_cv_host=i586-pc-cygwin
ac_cv_objext=o
ac_cv_path_EGREP='/usr/bin/grep -E'
ac_cv_path_GREP=/usr/bin/grep
ac_cv_path_PerlCmd=/usr/bin/perl
ac_cv_path_mkdir=/usr/bin/mkdir
ac_cv_prog_AWK=gawk
ac_cv_prog_CPP='gcc -E'
ac_cv_prog_ac_ct_CC=gcc
ac_cv_prog_ac_ct_RANLIB=ranlib
ac_cv_prog_cc_c89=
ac_cv_prog_cc_fpic=yes
ac_cv_prog_cc_g=yes
ac_cv_prog_cc_gcc_c_o=yes
ac_cv_prog_make_make_set=yes
ac_cv_type_size_t=yes
am_cv_CC_dependencies_compiler_type=gcc

## ----------------- ##
## Output variables. ##
## ----------------- ##

ACLOCAL='${SHELL} /cygdrive/e/microPred/progs/miPred/ViennaRNA-1.6.4/missing --run aclocal-1.11'
AMDEPBACKSLASH='\'
AMDEP_FALSE='#'
AMDEP_TRUE=''
AMTAR='${SHELL} /cygdrive/e/microPred/progs/miPred/ViennaRNA-1.6.4/missing --run tar'
AUTOCONF='${SHELL} /cygdrive/e/microPred/progs/miPred/ViennaRNA-1.6.4/missing --run autoconf'
AUTOHEADER='${SHELL} /cygdrive/e/microPred/progs/miPred/ViennaRNA-1.6.4/missing --run autoheader'
AUTOMAKE='${SHELL} /cygdrive/e/microPred/progs/miPred/ViennaRNA-1.6.4/missing --run automake-1.11'
AWK='gawk'
CC='gcc'
CCDEPMODE='depmode=gcc'
CFLAGS='-g -O2'
CPP='gcc -E'
CPPFLAGS=''
CYGPATH_W='cygpath -w'
DEFS='-DHAVE_CONFIG_H'
DEPDIR='.deps'
ECHO_C=''
ECHO_N='-n'
ECHO_T=''
EGREP='/usr/bin/grep -E'
EXEEXT='.exe'
FPIC='-fpic'
GREP='/usr/bin/grep'
INSTALL_DATA='${INSTALL} -m 644'
INSTALL_PROGRAM='${INSTALL}'
INSTALL_SCRIPT='${INSTALL}'
INSTALL_STRIP_PROGRAM='$(install_sh) -c -s'
ISODATE='2013-11-01'
LDFLAGS=''
LIBOBJS=''
LIBS=''
LTLIBOBJS=''
MAKEINFO='${SHELL} /cygdrive/e/microPred/progs/miPred/ViennaRNA-1.6.4/missing --run makeinfo'
MAKE_CLUSTER_FALSE=''
MAKE_CLUSTER_TRUE='#'
MAKE_FORESTER_FALSE='#'
MAKE_FORESTER_TRUE=''
MAKE_KINFOLD_FALSE='#'
MAKE_KINFOLD_TRUE=''
MAKE_PERL_EXT_FALSE='#'
MAKE_PERL_EXT_TRUE=''
MKDIR_P='/usr/bin/mkdir -p'
OBJEXT='o'
PACKAGE='ViennaRNA'
PACKAGE_BUGREPORT='rna@tbi.univie.ac.at'
PACKAGE_NAME='ViennaRNA'
PACKAGE_STRING='ViennaRNA 1.8.5'
PACKAGE_TARNAME='ViennaRNA'
PACKAGE_VERSION='1.8.5'
PATH_SEPARATOR=':'
PERLPREFIX=''
PerlCmd='/usr/bin/perl'
RANLIB='ranlib'
SET_MAKE=''
SHELL='/bin/bash'
STRIP=''
VERSION='1.8.5'
ac_ct_CC='gcc'
am__EXEEXT_FALSE='#'
am__EXEEXT_TRUE=''
am__fastdepCC_FALSE=''
am__fastdepCC_TRUE='#'
am__include='include'
am__isrc=''
am__leading_dot='.'
am__quote=''
am__tar='${AMTAR} chof - "$$tardir"'
am__untar='${AMTAR} xf -'
bindir='${exec_prefix}/bin'
build='i586-pc-cygwin'
build_alias=''
build_cpu='i586'
build_os='cygwin'
build_vendor='pc'
datadir='${datarootdir}'
datarootdir='${prefix}/share'
docdir='${datarootdir}/doc/${PACKAGE_TARNAME}'
dvidir='${docdir}'
exec_prefix='${prefix}'
host='i586-pc-cygwin'
host_alias=''
host_cpu='i586'
host_os='cygwin'
host_vendor='pc'
htmldir='${docdir}'
includedir='${prefix}/include'
infodir='${datarootdir}/info'
install_sh='${SHELL} /cygdrive/e/microPred/progs/miPred/ViennaRNA-1.6.4/install-sh'
libdir='${exec_prefix}/lib'
libexecdir='${exec_prefix}/libexec'
localedir='${datarootdir}/locale'
localstatedir='${prefix}/var'
mandir='${datarootdir}/man'
mkdir_p='/usr/bin/mkdir -p'
oldincludedir='/usr/include'
pdfdir='${docdir}'
prefix='/usr/local'
program_transform_name='s,x,x,'
psdir='${docdir}'
sbindir='${exec_prefix}/sbin'
sharedstatedir='${prefix}/com'
subdirs=' RNAforester Kinfold'
sysconfdir='${prefix}/etc'
target_alias=''

## ----------- ##
## confdefs.h. ##
## ----------- ##

#define PACKAGE_NAME "ViennaRNA"
#define PACKAGE_TARNAME "ViennaRNA"
#define PACKAGE_VERSION "1.8.5"
#define PACKAGE_STRING "ViennaRNA 1.8.5"
#define PACKAGE_BUGREPORT "rna@tbi.univie.ac.at"
#define PACKAGE "ViennaRNA"
#define VERSION "1.8.5"
#define UNUSED __attribute__ ((unused))
#define STDC_HEADERS 1
#define HAVE_SYS_TYPES_H 1
#define HAVE_SYS_STAT_H 1
#define HAVE_STDLIB_H 1
#define HAVE_STRING_H 1
#define HAVE_MEMORY_H 1
#define HAVE_STRINGS_H 1
#define HAVE_UNISTD_H 1
#define HAVE_MALLOC_H 1
#define HAVE_STRINGS_H 1
#define HAVE_UNISTD_H 1
#define HAVE_STRDUP 1
#define HAVE_STRSTR 1
#define HAVE_STRCHR 1
#define HAVE_ERAND48 1

configure: exit 0
