This file contains any messages produced by compilers while
running configure, to aid debugging if configure makes a mistake.

It was created by configure, which was
generated by GNU Autoconf 2.63.  Invocation command line was

  $ ./configure --disable-option-checking --prefix=/usr/local --cache-file=/dev/null --srcdir=.

## --------- ##
## Platform. ##
## --------- ##

hostname = SUNCHAO-PC
uname -m = i586
uname -r = 1.3.10(0.51/3/2)
uname -s = CYGWIN_??-6.1
uname -v = 2002-02-25 11:14

/usr/bin/uname -p = unknown
/bin/uname -X     = unknown

/bin/arch              = unknown
/usr/bin/arch -k       = unknown
/usr/convex/getsysinfo = unknown
/usr/bin/hostinfo      = unknown
/bin/machine           = unknown
/usr/bin/oslevel       = unknown
/bin/universe          = unknown

PATH: /usr/local/bin
PATH: /usr/bin
PATH: /bin
PATH: /cygdrive/c/Perl/site/bin
PATH: /cygdrive/c/Perl/bin
PATH: /cygdrive/c/Program Files/NVIDIA Corporation/PhysX/Common
PATH: /cygdrive/c/Program Files/Intel/iCLS Client/
PATH: /cygdrive/c/Windows/system32
PATH: /cygdrive/c/Windows
PATH: /cygdrive/c/Windows/System32/Wbem
PATH: /cygdrive/c/Windows/System32/WindowsPowerShell/v1.0/
PATH: /cygdrive/c/Program Files/Intel/Intel(R) Management Engine Components/DAL
PATH: /cygdrive/c/Program Files/Intel/Intel(R) Management Engine Components/IPT
PATH: /cygdrive/c/Program Files/Intel/OpenCL SDK/3.0/bin/x86
PATH: /cygdrive/c/Program Files/Microsoft SQL Server/90/Tools/binn/
PATH: /cygdrive/c/Program Files/Microsoft SQL Server/80/Tools/Binn/
PATH: /cygdrive/c/Program Files/Microsoft SQL Server/90/DTS/Binn/
PATH: /cygdrive/c/Program Files/Microsoft SQL Server/90/Tools/Binn/VSShell/Common7/IDE/
PATH: /cygdrive/c/Program Files/Microsoft Visual Studio 8/Common7/IDE/PrivateAssemblies/
PATH: /cygdrive/c/Program Files/Java/jdk1.7.0_40/bin
PATH: /cygdrive/c/Program Files/Java/jdk1.7.0_40/jre/bin
PATH: .
PATH: .
PATH: .
PATH: .
PATH: .
PATH: .
PATH: .


## ----------- ##
## Core tests. ##
## ----------- ##

configure:1861: checking build system type
configure:1879: result: i586-pc-cygwin
configure:1901: checking host system type
configure:1916: result: i586-pc-cygwin
configure:2030: checking for gcc
configure:2046: found /usr/bin/gcc
configure:2057: result: gcc
configure:2289: checking for C compiler version
configure:2297: gcc --version >&5
2.95.3-5
configure:2301: $? = 0
configure:2308: gcc -v >&5
Reading specs from /usr/lib/gcc-lib/i686-pc-cygwin/2.95.3-5/specs
gcc version 2.95.3-5 (cygwin special)
configure:2312: $? = 0
configure:2319: gcc -V >&5
gcc: argument to `-V' is missing
configure:2323: $? = 1
configure:2346: checking for C compiler default output file name
configure:2368: gcc    conftest.c  >&5
configure:2372: $? = 0
configure:2410: result: a.exe
configure:2429: checking whether the C compiler works
configure:2439: ./a.exe
configure:2443: $? = 0
configure:2462: result: yes
configure:2469: checking whether we are cross compiling
configure:2471: result: no
configure:2474: checking for suffix of executables
configure:2481: gcc -o conftest.exe    conftest.c  >&5
configure:2485: $? = 0
configure:2511: result: .exe
configure:2517: checking for suffix of object files
configure:2543: gcc -c   conftest.c >&5
configure:2547: $? = 0
configure:2572: result: o
configure:2576: checking whether we are using the GNU C compiler
configure:2605: gcc -c   conftest.c >&5
configure:2612: $? = 0
configure:2629: result: yes
configure:2638: checking whether gcc accepts -g
configure:2668: gcc -c -g  conftest.c >&5
configure:2675: $? = 0
configure:2776: result: yes
configure:2793: checking for gcc option to accept ISO C89
configure:2867: gcc  -c -g -O2  conftest.c >&5
configure:2874: $? = 0
configure:2897: result: none needed
configure:2920: checking how to run the C preprocessor
configure:2960: gcc -E  conftest.c
configure:2967: $? = 0
configure:2998: gcc -E  conftest.c
conftest.c:9: ac_nonexistent.h: No such file or directory
configure:3005: $? = 1
configure: failed program was:
| /* confdefs.h.  */
| #define PACKAGE_NAME ""
| #define PACKAGE_TARNAME ""
| #define PACKAGE_VERSION ""
| #define PACKAGE_STRING ""
| #define PACKAGE_BUGREPORT ""
| #define UNIX 1
| /* end confdefs.h.  */
| #include <ac_nonexistent.h>
configure:3038: result: gcc -E
configure:3067: gcc -E  conftest.c
configure:3074: $? = 0
configure:3105: gcc -E  conftest.c
conftest.c:9: ac_nonexistent.h: No such file or directory
configure:3112: $? = 1
configure: failed program was:
| /* confdefs.h.  */
| #define PACKAGE_NAME ""
| #define PACKAGE_TARNAME ""
| #define PACKAGE_VERSION ""
| #define PACKAGE_STRING ""
| #define PACKAGE_BUGREPORT ""
| #define UNIX 1
| /* end confdefs.h.  */
| #include <ac_nonexistent.h>
configure:3209: checking for g++
configure:3225: found /usr/bin/g++
configure:3236: result: g++
configure:3263: checking for C++ compiler version
configure:3271: g++ --version >&5
2.95.3-5
configure:3275: $? = 0
configure:3282: g++ -v >&5
Reading specs from /usr/lib/gcc-lib/i686-pc-cygwin/2.95.3-5/specs
gcc version 2.95.3-5 (cygwin special)
configure:3286: $? = 0
configure:3293: g++ -V >&5
g++: argument to `-V' missing

configure:3297: $? = 1
configure:3300: checking whether we are using the GNU C++ compiler
configure:3329: g++ -c   conftest.cpp >&5
configure:3336: $? = 0
configure:3353: result: yes
configure:3362: checking whether g++ accepts -g
configure:3392: g++ -c -g  conftest.cpp >&5
configure:3399: $? = 0
configure:3500: result: yes
configure:3566: checking for ranlib
configure:3582: found /usr/bin/ranlib
configure:3593: result: ranlib
configure:3629: checking for a BSD-compatible install
configure:3697: result: ./install-sh -c
configure:3710: checking for find
configure:3726: found /usr/bin/find
configure:3738: result: find
configure:3748: checking for makedepend
configure:3776: result: :
configure:3785: checking for dlopen in -ldl
configure:3820: gcc -o conftest.exe -g -O2   conftest.c -ldl   >&5
/usr/lib/gcc-lib/i686-pc-cygwin/2.95.3-5/../../../../i686-pc-cygwin/bin/ld: cannot find -ldl
collect2: ld returned 1 exit status
configure:3827: $? = 1
configure: failed program was:
| /* confdefs.h.  */
| #define PACKAGE_NAME ""
| #define PACKAGE_TARNAME ""
| #define PACKAGE_VERSION ""
| #define PACKAGE_STRING ""
| #define PACKAGE_BUGREPORT ""
| #define UNIX 1
| /* end confdefs.h.  */
| 
| /* Override any GCC internal prototype to avoid an error.
|    Use char because int might match the return type of a GCC
|    builtin and then its argument prototype would still apply.  */
| #ifdef __cplusplus
| extern "C"
| #endif
| char dlopen ();
| int
| main ()
| {
| return dlopen ();
|   ;
|   return 0;
| }
configure:3848: result: no
configure:3863: checking for X
configure:3978: gcc -E  conftest.c
conftest.c:9: X11/Xlib.h: No such file or directory
configure:3985: $? = 1
configure: failed program was:
| /* confdefs.h.  */
| #define PACKAGE_NAME ""
| #define PACKAGE_TARNAME ""
| #define PACKAGE_VERSION ""
| #define PACKAGE_STRING ""
| #define PACKAGE_BUGREPORT ""
| #define UNIX 1
| /* end confdefs.h.  */
| #include <X11/Xlib.h>
configure:4034: gcc -o conftest.exe -g -O2   conftest.c -lX11  >&5
conftest.c:9: X11/Xlib.h: No such file or directory
configure:4041: $? = 1
configure: failed program was:
| /* confdefs.h.  */
| #define PACKAGE_NAME ""
| #define PACKAGE_TARNAME ""
| #define PACKAGE_VERSION ""
| #define PACKAGE_STRING ""
| #define PACKAGE_BUGREPORT ""
| #define UNIX 1
| /* end confdefs.h.  */
| #include <X11/Xlib.h>
| int
| main ()
| {
| XrmInitialize ()
|   ;
|   return 0;
| }
configure:4092: result: no
configure:5256: checking for main in -lm
configure:5285: gcc -o conftest.exe -g -O2  -I/usr/local/include    -L/usr/local/lib conftest.c -lm   >&5
configure:5292: $? = 0
configure:5313: result: yes
configure:5327: checking for main in -lX11
configure:5356: gcc -o conftest.exe -g -O2  -I/usr/local/include    -L/usr/local/lib -lm conftest.c -lX11   >&5
/usr/lib/gcc-lib/i686-pc-cygwin/2.95.3-5/../../../../i686-pc-cygwin/bin/ld: cannot find -lX11
collect2: ld returned 1 exit status
configure:5363: $? = 1
configure: failed program was:
| /* confdefs.h.  */
| #define PACKAGE_NAME ""
| #define PACKAGE_TARNAME ""
| #define PACKAGE_VERSION ""
| #define PACKAGE_STRING ""
| #define PACKAGE_BUGREPORT ""
| #define UNIX 1
| #define X_DISPLAY_MISSING 1
| #define DO_PS 1
| #define DO_FIG 1
| /* end confdefs.h.  */
| 
| 
| int
| main ()
| {
| return main ();
|   ;
|   return 0;
| }
configure:5384: result: no
configure:5393: checking for main in -lgd
configure:5422: gcc -o conftest.exe -g -O2  -I/usr/local/include    -L/usr/local/lib -lm conftest.c -lgd   >&5
/usr/lib/gcc-lib/i686-pc-cygwin/2.95.3-5/../../../../i686-pc-cygwin/bin/ld: cannot find -lgd
collect2: ld returned 1 exit status
configure:5429: $? = 1
configure: failed program was:
| /* confdefs.h.  */
| #define PACKAGE_NAME ""
| #define PACKAGE_TARNAME ""
| #define PACKAGE_VERSION ""
| #define PACKAGE_STRING ""
| #define PACKAGE_BUGREPORT ""
| #define UNIX 1
| #define X_DISPLAY_MISSING 1
| #define DO_PS 1
| #define DO_FIG 1
| /* end confdefs.h.  */
| 
| 
| int
| main ()
| {
| return main ();
|   ;
|   return 0;
| }
configure:5450: result: no
configure:5558: checking host system type
configure:5573: result: i586-pc-cygwin
configure:5603: checking for main in -lgdi32
configure:5632: gcc -o conftest.exe -g -O2  -I/usr/local/include    -L/usr/local/lib -lm -L/lib/w32api conftest.c -lgdi32   >&5
configure:5639: $? = 0
configure:5660: result: yes
configure:5669: checking for main in -lbgd
configure:5698: gcc -o conftest.exe -g -O2  -I/usr/local/include    -L/usr/local/lib -lm -L/lib/w32api -lgdi32 conftest.c -lbgd   >&5
/usr/lib/gcc-lib/i686-pc-cygwin/2.95.3-5/../../../../i686-pc-cygwin/bin/ld: cannot find -lbgd
collect2: ld returned 1 exit status
configure:5705: $? = 1
configure: failed program was:
| /* confdefs.h.  */
| #define PACKAGE_NAME ""
| #define PACKAGE_TARNAME ""
| #define PACKAGE_VERSION ""
| #define PACKAGE_STRING ""
| #define PACKAGE_BUGREPORT ""
| #define UNIX 1
| #define X_DISPLAY_MISSING 1
| #define DO_PS 1
| #define DO_FIG 1
| #define DO_WIN32 1
| /* end confdefs.h.  */
| 
| 
| int
| main ()
| {
| return main ();
|   ;
|   return 0;
| }
configure:5726: result: no
configure:5841: checking for grep that handles long lines and -e
configure:5901: result: /usr/bin/grep
configure:5906: checking for egrep
configure:5970: result: /usr/bin/grep -E
configure:5975: checking for ANSI C header files
configure:6005: gcc -c -g -O2  -I/usr/local/include  conftest.c >&5
configure:6012: $? = 0
configure:6108: gcc -o conftest.exe -g -O2  -I/usr/local/include    -L/usr/local/lib -lm -L/lib/w32api -lgdi32 conftest.c  >&5
configure:6112: $? = 0
configure:6118: ./conftest.exe
configure:6122: $? = 0
configure:6140: result: yes
configure:6164: checking for sys/types.h
configure:6185: gcc -c -g -O2  -I/usr/local/include  conftest.c >&5
configure:6192: $? = 0
configure:6209: result: yes
configure:6164: checking for sys/stat.h
configure:6185: gcc -c -g -O2  -I/usr/local/include  conftest.c >&5
configure:6192: $? = 0
configure:6209: result: yes
configure:6164: checking for stdlib.h
configure:6185: gcc -c -g -O2  -I/usr/local/include  conftest.c >&5
configure:6192: $? = 0
configure:6209: result: yes
configure:6164: checking for string.h
configure:6185: gcc -c -g -O2  -I/usr/local/include  conftest.c >&5
configure:6192: $? = 0
configure:6209: result: yes
configure:6164: checking for memory.h
configure:6185: gcc -c -g -O2  -I/usr/local/include  conftest.c >&5
configure:6192: $? = 0
configure:6209: result: yes
configure:6164: checking for strings.h
configure:6185: gcc -c -g -O2  -I/usr/local/include  conftest.c >&5
configure:6192: $? = 0
configure:6209: result: yes
configure:6164: checking for inttypes.h
configure:6185: gcc -c -g -O2  -I/usr/local/include  conftest.c >&5
conftest.c:54: inttypes.h: No such file or directory
configure:6192: $? = 1
configure: failed program was:
| /* confdefs.h.  */
| #define PACKAGE_NAME ""
| #define PACKAGE_TARNAME ""
| #define PACKAGE_VERSION ""
| #define PACKAGE_STRING ""
| #define PACKAGE_BUGREPORT ""
| #define UNIX 1
| #define X_DISPLAY_MISSING 1
| #define DO_PS 1
| #define DO_FIG 1
| #define DO_WIN32 1
| #define STDC_HEADERS 1
| #define HAVE_SYS_TYPES_H 1
| #define HAVE_SYS_STAT_H 1
| #define HAVE_STDLIB_H 1
| #define HAVE_STRING_H 1
| #define HAVE_MEMORY_H 1
| #define HAVE_STRINGS_H 1
| /* end confdefs.h.  */
| #include <stdio.h>
| #ifdef HAVE_SYS_TYPES_H
| # include <sys/types.h>
| #endif
| #ifdef HAVE_SYS_STAT_H
| # include <sys/stat.h>
| #endif
| #ifdef STDC_HEADERS
| # include <stdlib.h>
| # include <stddef.h>
| #else
| # ifdef HAVE_STDLIB_H
| #  include <stdlib.h>
| # endif
| #endif
| #ifdef HAVE_STRING_H
| # if !defined STDC_HEADERS && defined HAVE_MEMORY_H
| #  include <memory.h>
| # endif
| # include <string.h>
| #endif
| #ifdef HAVE_STRINGS_H
| # include <strings.h>
| #endif
| #ifdef HAVE_INTTYPES_H
| # include <inttypes.h>
| #endif
| #ifdef HAVE_STDINT_H
| # include <stdint.h>
| #endif
| #ifdef HAVE_UNISTD_H
| # include <unistd.h>
| #endif
| 
| #include <inttypes.h>
configure:6209: result: no
configure:6164: checking for stdint.h
configure:6185: gcc -c -g -O2  -I/usr/local/include  conftest.c >&5
conftest.c:54: stdint.h: No such file or directory
configure:6192: $? = 1
configure: failed program was:
| /* confdefs.h.  */
| #define PACKAGE_NAME ""
| #define PACKAGE_TARNAME ""
| #define PACKAGE_VERSION ""
| #define PACKAGE_STRING ""
| #define PACKAGE_BUGREPORT ""
| #define UNIX 1
| #define X_DISPLAY_MISSING 1
| #define DO_PS 1
| #define DO_FIG 1
| #define DO_WIN32 1
| #define STDC_HEADERS 1
| #define HAVE_SYS_TYPES_H 1
| #define HAVE_SYS_STAT_H 1
| #define HAVE_STDLIB_H 1
| #define HAVE_STRING_H 1
| #define HAVE_MEMORY_H 1
| #define HAVE_STRINGS_H 1
| /* end confdefs.h.  */
| #include <stdio.h>
| #ifdef HAVE_SYS_TYPES_H
| # include <sys/types.h>
| #endif
| #ifdef HAVE_SYS_STAT_H
| # include <sys/stat.h>
| #endif
| #ifdef STDC_HEADERS
| # include <stdlib.h>
| # include <stddef.h>
| #else
| # ifdef HAVE_STDLIB_H
| #  include <stdlib.h>
| # endif
| #endif
| #ifdef HAVE_STRING_H
| # if !defined STDC_HEADERS && defined HAVE_MEMORY_H
| #  include <memory.h>
| # endif
| # include <string.h>
| #endif
| #ifdef HAVE_STRINGS_H
| # include <strings.h>
| #endif
| #ifdef HAVE_INTTYPES_H
| # include <inttypes.h>
| #endif
| #ifdef HAVE_STDINT_H
| # include <stdint.h>
| #endif
| #ifdef HAVE_UNISTD_H
| # include <unistd.h>
| #endif
| 
| #include <stdint.h>
configure:6209: result: no
configure:6164: checking for unistd.h
configure:6185: gcc -c -g -O2  -I/usr/local/include  conftest.c >&5
configure:6192: $? = 0
configure:6209: result: yes
configure:6239: checking limits.h usability
configure:6256: gcc -c -g -O2  -I/usr/local/include  conftest.c >&5
configure:6263: $? = 0
configure:6277: result: yes
configure:6281: checking limits.h presence
configure:6296: gcc -E  conftest.c
configure:6303: $? = 0
configure:6317: result: yes
configure:6345: checking for limits.h
configure:6354: result: yes
configure:6516: creating ./config.status

## ---------------------- ##
## Running config.status. ##
## ---------------------- ##

This file was extended by config.status, which was
generated by GNU Autoconf 2.63.  Invocation command line was

  CONFIG_FILES    = 
  CONFIG_HEADERS  = 
  CONFIG_LINKS    = 
  CONFIG_COMMANDS = 
  $ ./config.status 

on SUNCHAO-PC

config.status:679: creating Makefile
config.status:679: creating demo/Makefile
config.status:679: creating g2_perl/Makefile.PL

## ---------------- ##
## Cache variables. ##
## ---------------- ##

ac_cv_build=i586-pc-cygwin
ac_cv_c_compiler_gnu=yes
ac_cv_cxx_compiler_gnu=yes
ac_cv_env_CCC_set=
ac_cv_env_CCC_value=
ac_cv_env_CC_set=
ac_cv_env_CC_value=
ac_cv_env_CFLAGS_set=
ac_cv_env_CFLAGS_value=
ac_cv_env_CPPFLAGS_set=
ac_cv_env_CPPFLAGS_value=
ac_cv_env_CPP_set=
ac_cv_env_CPP_value=
ac_cv_env_CXXFLAGS_set=
ac_cv_env_CXXFLAGS_value=
ac_cv_env_CXX_set=
ac_cv_env_CXX_value=
ac_cv_env_LDFLAGS_set=
ac_cv_env_LDFLAGS_value=
ac_cv_env_LIBS_set=
ac_cv_env_LIBS_value=
ac_cv_env_XMKMF_set=
ac_cv_env_XMKMF_value=
ac_cv_env_build_alias_set=
ac_cv_env_build_alias_value=
ac_cv_env_host_alias_set=
ac_cv_env_host_alias_value=
ac_cv_env_target_alias_set=
ac_cv_env_target_alias_value=
ac_cv_exeext=.exe
ac_cv_have_x=have_x=no
ac_cv_header_inttypes_h=no
ac_cv_header_limits_h=yes
ac_cv_header_memory_h=yes
ac_cv_header_stdc=yes
ac_cv_header_stdint_h=no
ac_cv_header_stdlib_h=yes
ac_cv_header_string_h=yes
ac_cv_header_strings_h=yes
ac_cv_header_sys_stat_h=yes
ac_cv_header_sys_types_h=yes
ac_cv_header_unistd_h=yes
ac_cv_host=i586-pc-cygwin
ac_cv_lib_X11_main=no
ac_cv_lib_bgd_main=no
ac_cv_lib_dl_dlopen=no
ac_cv_lib_gd_main=no
ac_cv_lib_gdi32_main=yes
ac_cv_lib_m_main=yes
ac_cv_objext=o
ac_cv_path_EGREP='/usr/bin/grep -E'
ac_cv_path_GREP=/usr/bin/grep
ac_cv_prog_CPP='gcc -E'
ac_cv_prog_FIND=find
ac_cv_prog_MAKEDEPEND=:
ac_cv_prog_ac_ct_CC=gcc
ac_cv_prog_ac_ct_CXX=g++
ac_cv_prog_ac_ct_RANLIB=ranlib
ac_cv_prog_cc_c89=
ac_cv_prog_cc_g=yes
ac_cv_prog_cxx_g=yes

## ----------------- ##
## Output variables. ##
## ----------------- ##

CC='gcc'
CFLAGS='-g -O2  -I/usr/local/include'
CPP='gcc -E'
CPPFLAGS=''
CXX='g++'
CXXFLAGS='-g -O2'
DEFS='-DPACKAGE_NAME=\"\" -DPACKAGE_TARNAME=\"\" -DPACKAGE_VERSION=\"\" -DPACKAGE_STRING=\"\" -DPACKAGE_BUGREPORT=\"\" -DUNIX=1 -DX_DISPLAY_MISSING=1 -DDO_PS=1 -DDO_FIG=1 -DDO_WIN32=1 -DSTDC_HEADERS=1 -DHAVE_SYS_TYPES_H=1 -DHAVE_SYS_STAT_H=1 -DHAVE_STDLIB_H=1 -DHAVE_STRING_H=1 -DHAVE_MEMORY_H=1 -DHAVE_STRINGS_H=1 -DHAVE_UNISTD_H=1 -DHAVE_LIMITS_H=1'
DO_FIG=''
DO_GD='#'
DO_PS=''
DO_WIN32=''
DO_X11='#'
ECHO_C=''
ECHO_N='-n'
ECHO_T=''
EGREP='/usr/bin/grep -E'
EXEEXT='.exe'
FIND='find'
GREP='/usr/bin/grep'
INSTALL_DATA='${INSTALL} -m 644'
INSTALL_PROGRAM='${INSTALL}'
INSTALL_SCRIPT='${INSTALL}'
LDFLAGS='  -L/usr/local/lib -lm -L/lib/w32api -lgdi32'
LD_SHARED=''
LD_SHARED_EXT='so'
LD_SHARED_FLAGS=''
LD_SHARED_OPT=''
LIBOBJS=''
LIBS=''
LTLIBOBJS=''
MAKEDEPEND=':'
OBJEXT='o'
PACKAGE_BUGREPORT=''
PACKAGE_NAME=''
PACKAGE_STRING=''
PACKAGE_TARNAME=''
PACKAGE_VERSION=''
PATH_SEPARATOR=':'
RANLIB='ranlib'
SHELL='/bin/bash'
XMKMF=''
X_CFLAGS=''
X_EXTRA_LIBS=''
X_LIBS=''
X_PRE_LIBS=''
ac_ct_CC='gcc'
ac_ct_CXX='g++'
bindir='${exec_prefix}/bin'
build='i586-pc-cygwin'
build_alias=''
build_cpu='i586'
build_os='cygwin'
build_vendor='pc'
datadir='${datarootdir}'
datarootdir='${prefix}/share'
docdir='${datarootdir}/doc/${PACKAGE}'
dvidir='${docdir}'
exec_prefix='${prefix}'
host='i586-pc-cygwin'
host_alias=''
host_cpu='i586'
host_os='cygwin'
host_vendor='pc'
htmldir='${docdir}'
includedir='${prefix}/include'
infodir='${datarootdir}/info'
libdir='${exec_prefix}/lib'
libexecdir='${exec_prefix}/libexec'
localedir='${datarootdir}/locale'
localstatedir='${prefix}/var'
mandir='${datarootdir}/man'
oldincludedir='/usr/include'
pdfdir='${docdir}'
prefix='/usr/local'
program_transform_name='s,x,x,'
psdir='${docdir}'
sbindir='${exec_prefix}/sbin'
sharedstatedir='${prefix}/com'
sysconfdir='${prefix}/etc'
target_alias=''

## ----------- ##
## confdefs.h. ##
## ----------- ##

#define PACKAGE_NAME ""
#define PACKAGE_TARNAME ""
#define PACKAGE_VERSION ""
#define PACKAGE_STRING ""
#define PACKAGE_BUGREPORT ""
#define UNIX 1
#define X_DISPLAY_MISSING 1
#define DO_PS 1
#define DO_FIG 1
#define DO_WIN32 1
#define STDC_HEADERS 1
#define HAVE_SYS_TYPES_H 1
#define HAVE_SYS_STAT_H 1
#define HAVE_STDLIB_H 1
#define HAVE_STRING_H 1
#define HAVE_MEMORY_H 1
#define HAVE_STRINGS_H 1
#define HAVE_UNISTD_H 1
#define HAVE_LIMITS_H 1

configure: exit 0
