This file contains any messages produced by compilers while
running configure, to aid debugging if configure makes a mistake.

It was created by kinfold configure 1.2, which was
generated by GNU Autoconf 2.63.  Invocation command line was

  $ ./configure --disable-option-checking --prefix=/usr/local --cache-file=/dev/null --srcdir=.

## --------- ##
## Platform. ##
## --------- ##

hostname = SUNCHAO-PC
uname -m = i586
uname -r = 1.3.10(0.51/3/2)
uname -s = CYGWIN_??-6.1
uname -v = 2002-02-25 11:14

/usr/bin/uname -p = unknown
/bin/uname -X     = unknown

/bin/arch              = unknown
/usr/bin/arch -k       = unknown
/usr/convex/getsysinfo = unknown
/usr/bin/hostinfo      = unknown
/bin/machine           = unknown
/usr/bin/oslevel       = unknown
/bin/universe          = unknown

PATH: /usr/local/bin
PATH: /usr/bin
PATH: /bin
PATH: /cygdrive/c/Perl/site/bin
PATH: /cygdrive/c/Perl/bin
PATH: /cygdrive/c/Program Files/NVIDIA Corporation/PhysX/Common
PATH: /cygdrive/c/Program Files/Intel/iCLS Client/
PATH: /cygdrive/c/Windows/system32
PATH: /cygdrive/c/Windows
PATH: /cygdrive/c/Windows/System32/Wbem
PATH: /cygdrive/c/Windows/System32/WindowsPowerShell/v1.0/
PATH: /cygdrive/c/Program Files/Intel/Intel(R) Management Engine Components/DAL
PATH: /cygdrive/c/Program Files/Intel/Intel(R) Management Engine Components/IPT
PATH: /cygdrive/c/Program Files/Intel/OpenCL SDK/3.0/bin/x86
PATH: /cygdrive/c/Program Files/Microsoft SQL Server/90/Tools/binn/
PATH: /cygdrive/c/Program Files/Microsoft SQL Server/80/Tools/Binn/
PATH: /cygdrive/c/Program Files/Microsoft SQL Server/90/DTS/Binn/
PATH: /cygdrive/c/Program Files/Microsoft SQL Server/90/Tools/Binn/VSShell/Common7/IDE/
PATH: /cygdrive/c/Program Files/Microsoft Visual Studio 8/Common7/IDE/PrivateAssemblies/
PATH: /cygdrive/c/Program Files/Java/jdk1.7.0_40/bin
PATH: /cygdrive/c/Program Files/Java/jdk1.7.0_40/jre/bin
PATH: .
PATH: .
PATH: .
PATH: .
PATH: .
PATH: .
PATH: .


## ----------- ##
## Core tests. ##
## ----------- ##

configure:1897: checking for a BSD-compatible install
configure:1965: result: ./../install-sh -c
configure:1976: checking whether build environment is sane
configure:2036: result: yes
configure:2177: checking for a thread-safe mkdir -p
configure:2216: result: /usr/bin/mkdir -p
configure:2229: checking for gawk
configure:2245: found /usr/bin/gawk
configure:2256: result: gawk
configure:2267: checking whether make sets $(MAKE)
configure:2289: result: yes
configure:2372: checking if malloc debugging is wanted
configure:2392: result: no
configure:2446: checking for gcc
configure:2462: found /usr/bin/gcc
configure:2473: result: gcc
configure:2705: checking for C compiler version
configure:2713: gcc --version >&5
2.95.3-5
configure:2717: $? = 0
configure:2724: gcc -v >&5
Reading specs from /usr/lib/gcc-lib/i686-pc-cygwin/2.95.3-5/specs
gcc version 2.95.3-5 (cygwin special)
configure:2728: $? = 0
configure:2735: gcc -V >&5
gcc: argument to `-V' is missing
configure:2739: $? = 1
configure:2762: checking for C compiler default output file name
configure:2784: gcc    conftest.c  >&5
configure:2788: $? = 0
configure:2826: result: a.exe
configure:2845: checking whether the C compiler works
configure:2855: ./a.exe
configure:2859: $? = 0
configure:2878: result: yes
configure:2885: checking whether we are cross compiling
configure:2887: result: no
configure:2890: checking for suffix of executables
configure:2897: gcc -o conftest.exe    conftest.c  >&5
configure:2901: $? = 0
configure:2927: result: .exe
configure:2933: checking for suffix of object files
configure:2959: gcc -c   conftest.c >&5
configure:2963: $? = 0
configure:2988: result: o
configure:2992: checking whether we are using the GNU C compiler
configure:3021: gcc -c   conftest.c >&5
configure:3028: $? = 0
configure:3045: result: yes
configure:3054: checking whether gcc accepts -g
configure:3084: gcc -c -g  conftest.c >&5
configure:3091: $? = 0
configure:3192: result: yes
configure:3209: checking for gcc option to accept ISO C89
configure:3283: gcc  -c -g -O2  conftest.c >&5
configure:3290: $? = 0
configure:3313: result: none needed
configure:3342: checking for style of include used by make
configure:3370: result: GNU
configure:3395: checking dependency style of gcc
configure:3505: result: gcc
configure:3535: checking build system type
configure:3553: result: i586-pc-cygwin
configure:3575: checking host system type
configure:3590: result: i586-pc-cygwin
configure:3620: checking for strdup
configure:3676: gcc -o conftest.exe -g -O2   conftest.c  >&5
configure:3683: $? = 0
configure:3705: result: yes
configure:3620: checking for memset
configure:3676: gcc -o conftest.exe -g -O2   conftest.c  >&5
conftest.c:34: warning: conflicting types for built-in function `memset'
configure:3683: $? = 0
configure:3705: result: yes
configure:3620: checking for strchr
configure:3676: gcc -o conftest.exe -g -O2   conftest.c  >&5
configure:3683: $? = 0
configure:3705: result: yes
configure:3732: checking for ViennaRNA package
configure:3775: result:  headers in "../H" and library... "../lib"
configure:3785: checking how to run the C preprocessor
configure:3825: gcc -E  -I../H conftest.c
configure:3832: $? = 0
configure:3863: gcc -E  -I../H conftest.c
conftest.c:13: ac_nonexistent.h: No such file or directory
configure:3870: $? = 1
configure: failed program was:
| /* confdefs.h.  */
| #define PACKAGE_NAME "kinfold"
| #define PACKAGE_TARNAME "Kinfold"
| #define PACKAGE_VERSION "1.2"
| #define PACKAGE_STRING "kinfold 1.2"
| #define PACKAGE_BUGREPORT "rna@tbi.univie.ac.at"
| #define PACKAGE "Kinfold"
| #define VERSION "1.2"
| #define HAVE_STRDUP 1
| #define HAVE_MEMSET 1
| #define HAVE_STRCHR 1
| /* end confdefs.h.  */
| #include <ac_nonexistent.h>
configure:3903: result: gcc -E
configure:3932: gcc -E  -I../H conftest.c
configure:3939: $? = 0
configure:3970: gcc -E  -I../H conftest.c
conftest.c:13: ac_nonexistent.h: No such file or directory
configure:3977: $? = 1
configure: failed program was:
| /* confdefs.h.  */
| #define PACKAGE_NAME "kinfold"
| #define PACKAGE_TARNAME "Kinfold"
| #define PACKAGE_VERSION "1.2"
| #define PACKAGE_STRING "kinfold 1.2"
| #define PACKAGE_BUGREPORT "rna@tbi.univie.ac.at"
| #define PACKAGE "Kinfold"
| #define VERSION "1.2"
| #define HAVE_STRDUP 1
| #define HAVE_MEMSET 1
| #define HAVE_STRCHR 1
| /* end confdefs.h.  */
| #include <ac_nonexistent.h>
configure:4017: checking for grep that handles long lines and -e
configure:4077: result: /usr/bin/grep
configure:4082: checking for egrep
configure:4146: result: /usr/bin/grep -E
configure:4151: checking for ANSI C header files
configure:4181: gcc -c -g -O2  -I../H conftest.c >&5
configure:4188: $? = 0
configure:4284: gcc -o conftest.exe -g -O2  -I../H -L../lib  conftest.c  >&5
configure:4288: $? = 0
configure:4294: ./conftest.exe
configure:4298: $? = 0
configure:4316: result: yes
configure:4340: checking for sys/types.h
configure:4361: gcc -c -g -O2  -I../H conftest.c >&5
configure:4368: $? = 0
configure:4385: result: yes
configure:4340: checking for sys/stat.h
configure:4361: gcc -c -g -O2  -I../H conftest.c >&5
configure:4368: $? = 0
configure:4385: result: yes
configure:4340: checking for stdlib.h
configure:4361: gcc -c -g -O2  -I../H conftest.c >&5
configure:4368: $? = 0
configure:4385: result: yes
configure:4340: checking for string.h
configure:4361: gcc -c -g -O2  -I../H conftest.c >&5
configure:4368: $? = 0
configure:4385: result: yes
configure:4340: checking for memory.h
configure:4361: gcc -c -g -O2  -I../H conftest.c >&5
configure:4368: $? = 0
configure:4385: result: yes
configure:4340: checking for strings.h
configure:4361: gcc -c -g -O2  -I../H conftest.c >&5
configure:4368: $? = 0
configure:4385: result: yes
configure:4340: checking for inttypes.h
configure:4361: gcc -c -g -O2  -I../H conftest.c >&5
conftest.c:54: inttypes.h: No such file or directory
configure:4368: $? = 1
configure: failed program was:
| /* confdefs.h.  */
| #define PACKAGE_NAME "kinfold"
| #define PACKAGE_TARNAME "Kinfold"
| #define PACKAGE_VERSION "1.2"
| #define PACKAGE_STRING "kinfold 1.2"
| #define PACKAGE_BUGREPORT "rna@tbi.univie.ac.at"
| #define PACKAGE "Kinfold"
| #define VERSION "1.2"
| #define HAVE_STRDUP 1
| #define HAVE_MEMSET 1
| #define HAVE_STRCHR 1
| #define STDC_HEADERS 1
| #define HAVE_SYS_TYPES_H 1
| #define HAVE_SYS_STAT_H 1
| #define HAVE_STDLIB_H 1
| #define HAVE_STRING_H 1
| #define HAVE_MEMORY_H 1
| #define HAVE_STRINGS_H 1
| /* end confdefs.h.  */
| #include <stdio.h>
| #ifdef HAVE_SYS_TYPES_H
| # include <sys/types.h>
| #endif
| #ifdef HAVE_SYS_STAT_H
| # include <sys/stat.h>
| #endif
| #ifdef STDC_HEADERS
| # include <stdlib.h>
| # include <stddef.h>
| #else
| # ifdef HAVE_STDLIB_H
| #  include <stdlib.h>
| # endif
| #endif
| #ifdef HAVE_STRING_H
| # if !defined STDC_HEADERS && defined HAVE_MEMORY_H
| #  include <memory.h>
| # endif
| # include <string.h>
| #endif
| #ifdef HAVE_STRINGS_H
| # include <strings.h>
| #endif
| #ifdef HAVE_INTTYPES_H
| # include <inttypes.h>
| #endif
| #ifdef HAVE_STDINT_H
| # include <stdint.h>
| #endif
| #ifdef HAVE_UNISTD_H
| # include <unistd.h>
| #endif
| 
| #include <inttypes.h>
configure:4385: result: no
configure:4340: checking for stdint.h
configure:4361: gcc -c -g -O2  -I../H conftest.c >&5
conftest.c:54: stdint.h: No such file or directory
configure:4368: $? = 1
configure: failed program was:
| /* confdefs.h.  */
| #define PACKAGE_NAME "kinfold"
| #define PACKAGE_TARNAME "Kinfold"
| #define PACKAGE_VERSION "1.2"
| #define PACKAGE_STRING "kinfold 1.2"
| #define PACKAGE_BUGREPORT "rna@tbi.univie.ac.at"
| #define PACKAGE "Kinfold"
| #define VERSION "1.2"
| #define HAVE_STRDUP 1
| #define HAVE_MEMSET 1
| #define HAVE_STRCHR 1
| #define STDC_HEADERS 1
| #define HAVE_SYS_TYPES_H 1
| #define HAVE_SYS_STAT_H 1
| #define HAVE_STDLIB_H 1
| #define HAVE_STRING_H 1
| #define HAVE_MEMORY_H 1
| #define HAVE_STRINGS_H 1
| /* end confdefs.h.  */
| #include <stdio.h>
| #ifdef HAVE_SYS_TYPES_H
| # include <sys/types.h>
| #endif
| #ifdef HAVE_SYS_STAT_H
| # include <sys/stat.h>
| #endif
| #ifdef STDC_HEADERS
| # include <stdlib.h>
| # include <stddef.h>
| #else
| # ifdef HAVE_STDLIB_H
| #  include <stdlib.h>
| # endif
| #endif
| #ifdef HAVE_STRING_H
| # if !defined STDC_HEADERS && defined HAVE_MEMORY_H
| #  include <memory.h>
| # endif
| # include <string.h>
| #endif
| #ifdef HAVE_STRINGS_H
| # include <strings.h>
| #endif
| #ifdef HAVE_INTTYPES_H
| # include <inttypes.h>
| #endif
| #ifdef HAVE_STDINT_H
| # include <stdint.h>
| #endif
| #ifdef HAVE_UNISTD_H
| # include <unistd.h>
| #endif
| 
| #include <stdint.h>
configure:4385: result: no
configure:4340: checking for unistd.h
configure:4361: gcc -c -g -O2  -I../H conftest.c >&5
configure:4368: $? = 0
configure:4385: result: yes
configure:4408: checking for stdlib.h
configure:4415: result: yes
configure:4408: checking for string.h
configure:4415: result: yes
configure:4408: checking for strings.h
configure:4415: result: yes
configure:4408: checking for unistd.h
configure:4415: result: yes
configure:4419: checking fold.h usability
configure:4436: gcc -c -g -O2  -I../H conftest.c >&5
configure:4443: $? = 0
configure:4457: result: yes
configure:4461: checking fold.h presence
configure:4476: gcc -E  -I../H conftest.c
configure:4483: $? = 0
configure:4497: result: yes
configure:4530: checking for fold.h
configure:4539: result: yes
configure:4556: checking for exp in -lm
configure:4591: gcc -o conftest.exe -g -O2  -I../H -L../lib  conftest.c -lm   >&5
configure:4598: $? = 0
configure:4619: result: yes
configure:4635: checking for stdlib.h
configure:4642: result: yes
configure:4781: checking for GNU libc compatible malloc
configure:4815: gcc -o conftest.exe -g -O2  -I../H -L../lib  conftest.c -lm  >&5
configure:4819: $? = 0
configure:4825: ./conftest.exe
configure:4829: $? = 0
configure:4846: result: yes
configure:4879: checking for stdlib.h
configure:4886: result: yes
configure:5025: checking for GNU libc compatible realloc
configure:5059: gcc -o conftest.exe -g -O2  -I../H -L../lib  conftest.c -lm  >&5
configure:5063: $? = 0
configure:5069: ./conftest.exe
configure:5073: $? = 0
configure:5090: result: yes
configure:5121: checking for an ANSI C-conforming const
configure:5196: gcc -c -g -O2  -I../H conftest.c >&5
configure:5203: $? = 0
configure:5218: result: yes
configure:5356: creating ./config.status

## ---------------------- ##
## Running config.status. ##
## ---------------------- ##

This file was extended by kinfold config.status 1.2, which was
generated by GNU Autoconf 2.63.  Invocation command line was

  CONFIG_FILES    = 
  CONFIG_HEADERS  = 
  CONFIG_LINKS    = 
  CONFIG_COMMANDS = 
  $ ./config.status 

on SUNCHAO-PC

config.status:792: creating Example/Makefile
config.status:792: creating Makefile
config.status:792: creating config.h
config.status:1014: config.h is unchanged
config.status:1066: executing depfiles commands

## ---------------- ##
## Cache variables. ##
## ---------------- ##

ac_cv_build=i586-pc-cygwin
ac_cv_c_compiler_gnu=yes
ac_cv_c_const=yes
ac_cv_env_CC_set=
ac_cv_env_CC_value=
ac_cv_env_CFLAGS_set=
ac_cv_env_CFLAGS_value=
ac_cv_env_CPPFLAGS_set=
ac_cv_env_CPPFLAGS_value=
ac_cv_env_CPP_set=
ac_cv_env_CPP_value=
ac_cv_env_LDFLAGS_set=
ac_cv_env_LDFLAGS_value=
ac_cv_env_LIBS_set=
ac_cv_env_LIBS_value=
ac_cv_env_build_alias_set=
ac_cv_env_build_alias_value=
ac_cv_env_host_alias_set=
ac_cv_env_host_alias_value=
ac_cv_env_target_alias_set=
ac_cv_env_target_alias_value=
ac_cv_exeext=.exe
ac_cv_func_malloc_0_nonnull=yes
ac_cv_func_memset=yes
ac_cv_func_realloc_0_nonnull=yes
ac_cv_func_strchr=yes
ac_cv_func_strdup=yes
ac_cv_header_fold_h=yes
ac_cv_header_inttypes_h=no
ac_cv_header_memory_h=yes
ac_cv_header_stdc=yes
ac_cv_header_stdint_h=no
ac_cv_header_stdlib_h=yes
ac_cv_header_string_h=yes
ac_cv_header_strings_h=yes
ac_cv_header_sys_stat_h=yes
ac_cv_header_sys_types_h=yes
ac_cv_header_unistd_h=yes
ac_cv_host=i586-pc-cygwin
ac_cv_lib_m_exp=yes
ac_cv_objext=o
ac_cv_path_EGREP='/usr/bin/grep -E'
ac_cv_path_GREP=/usr/bin/grep
ac_cv_path_mkdir=/usr/bin/mkdir
ac_cv_prog_AWK=gawk
ac_cv_prog_CPP='gcc -E'
ac_cv_prog_ac_ct_CC=gcc
ac_cv_prog_cc_c89=
ac_cv_prog_cc_g=yes
ac_cv_prog_make_make_set=yes
am_cv_CC_dependencies_compiler_type=gcc

## ----------------- ##
## Output variables. ##
## ----------------- ##

ACLOCAL='${SHELL} /cygdrive/e/microPred/progs/miPred/ViennaRNA-1.6.4/missing --run aclocal-1.11'
AMDEPBACKSLASH='\'
AMDEP_FALSE='#'
AMDEP_TRUE=''
AMTAR='${SHELL} /cygdrive/e/microPred/progs/miPred/ViennaRNA-1.6.4/missing --run tar'
AUTOCONF='${SHELL} /cygdrive/e/microPred/progs/miPred/ViennaRNA-1.6.4/missing --run autoconf'
AUTOHEADER='${SHELL} /cygdrive/e/microPred/progs/miPred/ViennaRNA-1.6.4/missing --run autoheader'
AUTOMAKE='${SHELL} /cygdrive/e/microPred/progs/miPred/ViennaRNA-1.6.4/missing --run automake-1.11'
AWK='gawk'
CC='gcc'
CCDEPMODE='depmode=gcc'
CFLAGS='-g -O2'
CPP='gcc -E'
CPPFLAGS=' -I../H'
CYGPATH_W='cygpath -w'
DEFS='-DHAVE_CONFIG_H'
DEPDIR='.deps'
ECHO_C=''
ECHO_N='-n'
ECHO_T=''
EGREP='/usr/bin/grep -E'
EXEEXT='.exe'
GREP='/usr/bin/grep'
INSTALL_DATA='${INSTALL} -m 644'
INSTALL_PROGRAM='${INSTALL}'
INSTALL_SCRIPT='${INSTALL}'
INSTALL_STRIP_PROGRAM='$(install_sh) -c -s'
ISODATE='2013-11-01'
LDFLAGS='-L../lib '
LIBOBJS=''
LIBS='-lRNA -lm '
LTLIBOBJS=''
MAKEINFO='${SHELL} /cygdrive/e/microPred/progs/miPred/ViennaRNA-1.6.4/missing --run makeinfo'
MKDIR_P='/usr/bin/mkdir -p'
OBJEXT='o'
PACKAGE='Kinfold'
PACKAGE_BUGREPORT='rna@tbi.univie.ac.at'
PACKAGE_NAME='kinfold'
PACKAGE_STRING='kinfold 1.2'
PACKAGE_TARNAME='Kinfold'
PACKAGE_VERSION='1.2'
PATH_SEPARATOR=':'
SET_MAKE=''
SHELL='/bin/bash'
STRIP=''
VERSION='1.2'
ac_ct_CC='gcc'
am__EXEEXT_FALSE='#'
am__EXEEXT_TRUE=''
am__fastdepCC_FALSE=''
am__fastdepCC_TRUE='#'
am__include='include'
am__isrc=''
am__leading_dot='.'
am__quote=''
am__tar='${AMTAR} chof - "$$tardir"'
am__untar='${AMTAR} xf -'
bindir='${exec_prefix}/bin'
build='i586-pc-cygwin'
build_alias=''
build_cpu='i586'
build_os='cygwin'
build_vendor='pc'
datadir='${datarootdir}'
datarootdir='${prefix}/share'
docdir='${datarootdir}/doc/${PACKAGE_TARNAME}'
dvidir='${docdir}'
exec_prefix='${prefix}'
host='i586-pc-cygwin'
host_alias=''
host_cpu='i586'
host_os='cygwin'
host_vendor='pc'
htmldir='${docdir}'
includedir='${prefix}/include'
infodir='${datarootdir}/info'
install_sh='${SHELL} /cygdrive/e/microPred/progs/miPred/ViennaRNA-1.6.4/install-sh'
libdir='${exec_prefix}/lib'
libexecdir='${exec_prefix}/libexec'
localedir='${datarootdir}/locale'
localstatedir='${prefix}/var'
mandir='${datarootdir}/man'
mkdir_p='/usr/bin/mkdir -p'
oldincludedir='/usr/include'
pdfdir='${docdir}'
prefix='/usr/local'
program_transform_name='s,x,x,'
psdir='${docdir}'
sbindir='${exec_prefix}/sbin'
sharedstatedir='${prefix}/com'
sysconfdir='${prefix}/etc'
target_alias=''

## ----------- ##
## confdefs.h. ##
## ----------- ##

#define PACKAGE_NAME "kinfold"
#define PACKAGE_TARNAME "Kinfold"
#define PACKAGE_VERSION "1.2"
#define PACKAGE_STRING "kinfold 1.2"
#define PACKAGE_BUGREPORT "rna@tbi.univie.ac.at"
#define PACKAGE "Kinfold"
#define VERSION "1.2"
#define HAVE_STRDUP 1
#define HAVE_MEMSET 1
#define HAVE_STRCHR 1
#define STDC_HEADERS 1
#define HAVE_SYS_TYPES_H 1
#define HAVE_SYS_STAT_H 1
#define HAVE_STDLIB_H 1
#define HAVE_STRING_H 1
#define HAVE_MEMORY_H 1
#define HAVE_STRINGS_H 1
#define HAVE_UNISTD_H 1
#define HAVE_STDLIB_H 1
#define HAVE_STRING_H 1
#define HAVE_STRINGS_H 1
#define HAVE_UNISTD_H 1
#define HAVE_FOLD_H 1
#define HAVE_LIBM 1
#define HAVE_STDLIB_H 1
#define HAVE_MALLOC 1
#define HAVE_STDLIB_H 1
#define HAVE_REALLOC 1

configure: exit 0
